[2025-08-06T19:03:49.694+0000] {manager.py:469} INFO - Processing files using up to 2 processes at a time 
[2025-08-06T19:03:49.694+0000] {manager.py:470} INFO - Process each file at most once every 30 seconds
[2025-08-06T19:03:49.694+0000] {manager.py:471} INFO - Checking for new files in /opt/airflow/dags every 300 seconds
[2025-08-06T19:03:49.694+0000] {manager.py:738} INFO - Searching for files in /opt/airflow/dags
[2025-08-06T19:03:49.696+0000] {manager.py:741} INFO - There are 1 files in /opt/airflow/dags
[2025-08-06T19:03:49.756+0000] {manager.py:879} INFO - 
================================================================================
DAG File Processing Stats

File Path                                  PID  Runtime      # DAGs    # Errors  Last Runtime    Last Run
---------------------------------------  -----  ---------  --------  ----------  --------------  ----------
/opt/airflow/dags/local_pipeline_dag.py    167  0.03s             0           0
================================================================================
[2025-08-06T19:04:19.844+0000] {manager.py:879} INFO - 
================================================================================
DAG File Processing Stats

File Path                                PID    Runtime      # DAGs    # Errors  Last Runtime    Last Run
---------------------------------------  -----  ---------  --------  ----------  --------------  -------------------
/opt/airflow/dags/local_pipeline_dag.py                           1           0  0.28s           2025-08-06T19:03:50
================================================================================
[2025-08-06T19:04:50.172+0000] {manager.py:879} INFO - 
================================================================================
DAG File Processing Stats

File Path                                  PID  Runtime      # DAGs    # Errors  Last Runtime    Last Run
---------------------------------------  -----  ---------  --------  ----------  --------------  -------------------
/opt/airflow/dags/local_pipeline_dag.py    178  0.00s             1           0  0.06s           2025-08-06T19:04:20
================================================================================
[2025-08-06T19:05:20.302+0000] {manager.py:879} INFO - 
================================================================================
DAG File Processing Stats

File Path                                  PID  Runtime      # DAGs    # Errors  Last Runtime    Last Run
---------------------------------------  -----  ---------  --------  ----------  --------------  -------------------
/opt/airflow/dags/local_pipeline_dag.py    183  0.00s             1           0  0.07s           2025-08-06T19:04:50
================================================================================
[2025-08-06T19:05:50.406+0000] {manager.py:879} INFO - 
================================================================================
DAG File Processing Stats

File Path                                  PID  Runtime      # DAGs    # Errors  Last Runtime    Last Run
---------------------------------------  -----  ---------  --------  ----------  --------------  -------------------
/opt/airflow/dags/local_pipeline_dag.py    188  0.00s             1           0  0.07s           2025-08-06T19:05:20
================================================================================
[2025-08-06T19:06:20.533+0000] {manager.py:879} INFO - 
================================================================================
DAG File Processing Stats

File Path                                  PID  Runtime      # DAGs    # Errors  Last Runtime    Last Run
---------------------------------------  -----  ---------  --------  ----------  --------------  -------------------
/opt/airflow/dags/local_pipeline_dag.py    193  0.00s             1           0  0.07s           2025-08-06T19:05:50
================================================================================
[2025-08-06T19:06:50.633+0000] {manager.py:879} INFO - 
================================================================================
DAG File Processing Stats

File Path                                  PID  Runtime      # DAGs    # Errors  Last Runtime    Last Run
---------------------------------------  -----  ---------  --------  ----------  --------------  -------------------
/opt/airflow/dags/local_pipeline_dag.py    198  0.00s             1           0  0.07s           2025-08-06T19:06:20
================================================================================
[2025-08-06T19:07:20.766+0000] {manager.py:879} INFO - 
================================================================================
DAG File Processing Stats

File Path                                  PID  Runtime      # DAGs    # Errors  Last Runtime    Last Run
---------------------------------------  -----  ---------  --------  ----------  --------------  -------------------
/opt/airflow/dags/local_pipeline_dag.py    203  0.00s             1           0  0.07s           2025-08-06T19:06:50
================================================================================
[2025-08-06T19:07:50.871+0000] {manager.py:879} INFO - 
================================================================================
DAG File Processing Stats

File Path                                  PID  Runtime      # DAGs    # Errors  Last Runtime    Last Run
---------------------------------------  -----  ---------  --------  ----------  --------------  -------------------
/opt/airflow/dags/local_pipeline_dag.py    208  0.00s             1           0  0.07s           2025-08-06T19:07:20
================================================================================
[2025-08-06T19:08:21.005+0000] {manager.py:879} INFO - 
================================================================================
DAG File Processing Stats

File Path                                  PID  Runtime      # DAGs    # Errors  Last Runtime    Last Run
---------------------------------------  -----  ---------  --------  ----------  --------------  -------------------
/opt/airflow/dags/local_pipeline_dag.py    213  0.00s             1           0  0.07s           2025-08-06T19:07:50
================================================================================
[2025-08-06T19:08:50.103+0000] {manager.py:738} INFO - Searching for files in /opt/airflow/dags
[2025-08-06T19:08:50.104+0000] {manager.py:741} INFO - There are 1 files in /opt/airflow/dags
[2025-08-06T19:08:51.116+0000] {manager.py:879} INFO - 
================================================================================
DAG File Processing Stats

File Path                                  PID  Runtime      # DAGs    # Errors  Last Runtime    Last Run
---------------------------------------  -----  ---------  --------  ----------  --------------  -------------------
/opt/airflow/dags/local_pipeline_dag.py    218  0.00s             1           0  0.06s           2025-08-06T19:08:21
================================================================================
[2025-08-06T19:09:21.233+0000] {manager.py:879} INFO - 
================================================================================
DAG File Processing Stats

File Path                                  PID  Runtime      # DAGs    # Errors  Last Runtime    Last Run
---------------------------------------  -----  ---------  --------  ----------  --------------  -------------------
/opt/airflow/dags/local_pipeline_dag.py    223  0.00s             1           0  0.06s           2025-08-06T19:08:51
================================================================================
[2025-08-06T19:09:51.343+0000] {manager.py:879} INFO - 
================================================================================
DAG File Processing Stats

File Path                                  PID  Runtime      # DAGs    # Errors  Last Runtime    Last Run
---------------------------------------  -----  ---------  --------  ----------  --------------  -------------------
/opt/airflow/dags/local_pipeline_dag.py    228  0.00s             1           0  0.07s           2025-08-06T19:09:21
================================================================================
[2025-08-06T19:10:21.466+0000] {manager.py:879} INFO - 
================================================================================
DAG File Processing Stats

File Path                                  PID  Runtime      # DAGs    # Errors  Last Runtime    Last Run
---------------------------------------  -----  ---------  --------  ----------  --------------  -------------------
/opt/airflow/dags/local_pipeline_dag.py    233  0.00s             1           0  0.07s           2025-08-06T19:09:51
================================================================================
[2025-08-06T19:10:51.573+0000] {manager.py:879} INFO - 
================================================================================
DAG File Processing Stats

File Path                                  PID  Runtime      # DAGs    # Errors  Last Runtime    Last Run
---------------------------------------  -----  ---------  --------  ----------  --------------  -------------------
/opt/airflow/dags/local_pipeline_dag.py    238  0.00s             1           0  0.08s           2025-08-06T19:10:21
================================================================================
[2025-08-06T19:11:21.707+0000] {manager.py:879} INFO - 
================================================================================
DAG File Processing Stats

File Path                                  PID  Runtime      # DAGs    # Errors  Last Runtime    Last Run
---------------------------------------  -----  ---------  --------  ----------  --------------  -------------------
/opt/airflow/dags/local_pipeline_dag.py    243  0.00s             1           0  0.07s           2025-08-06T19:10:51
================================================================================
[2025-08-06T19:11:51.810+0000] {manager.py:879} INFO - 
================================================================================
DAG File Processing Stats

File Path                                  PID  Runtime      # DAGs    # Errors  Last Runtime    Last Run
---------------------------------------  -----  ---------  --------  ----------  --------------  -------------------
/opt/airflow/dags/local_pipeline_dag.py    248  0.00s             1           0  0.07s           2025-08-06T19:11:21
================================================================================
[2025-08-06T19:12:21.935+0000] {manager.py:879} INFO - 
================================================================================
DAG File Processing Stats

File Path                                  PID  Runtime      # DAGs    # Errors  Last Runtime    Last Run
---------------------------------------  -----  ---------  --------  ----------  --------------  -------------------
/opt/airflow/dags/local_pipeline_dag.py    253  0.00s             1           0  0.07s           2025-08-06T19:11:51
================================================================================
[2025-08-06T19:12:52.044+0000] {manager.py:879} INFO - 
================================================================================
DAG File Processing Stats

File Path                                  PID  Runtime      # DAGs    # Errors  Last Runtime    Last Run
---------------------------------------  -----  ---------  --------  ----------  --------------  -------------------
/opt/airflow/dags/local_pipeline_dag.py    258  0.00s             1           0  0.06s           2025-08-06T19:12:21
================================================================================
[2025-08-06T19:13:22.165+0000] {manager.py:879} INFO - 
================================================================================
DAG File Processing Stats

File Path                                  PID  Runtime      # DAGs    # Errors  Last Runtime    Last Run
---------------------------------------  -----  ---------  --------  ----------  --------------  -------------------
/opt/airflow/dags/local_pipeline_dag.py    263  0.01s             1           0  0.07s           2025-08-06T19:12:52
================================================================================
[2025-08-06T19:13:50.256+0000] {manager.py:738} INFO - Searching for files in /opt/airflow/dags
[2025-08-06T19:13:50.257+0000] {manager.py:741} INFO - There are 1 files in /opt/airflow/dags
[2025-08-06T19:13:52.269+0000] {manager.py:879} INFO - 
================================================================================
DAG File Processing Stats

File Path                                PID    Runtime      # DAGs    # Errors  Last Runtime    Last Run
---------------------------------------  -----  ---------  --------  ----------  --------------  -------------------
/opt/airflow/dags/local_pipeline_dag.py                           1           0  0.12s           2025-08-06T19:13:22
================================================================================
[2025-08-06T19:14:22.438+0000] {manager.py:879} INFO - 
================================================================================
DAG File Processing Stats

File Path                                  PID  Runtime      # DAGs    # Errors  Last Runtime    Last Run
---------------------------------------  -----  ---------  --------  ----------  --------------  -------------------
/opt/airflow/dags/local_pipeline_dag.py    273  0.00s             1           0  0.07s           2025-08-06T19:13:52
================================================================================
[2025-08-06T19:14:52.574+0000] {manager.py:879} INFO - 
================================================================================
DAG File Processing Stats

File Path                                  PID  Runtime      # DAGs    # Errors  Last Runtime    Last Run
---------------------------------------  -----  ---------  --------  ----------  --------------  -------------------
/opt/airflow/dags/local_pipeline_dag.py    278  0.00s             1           0  0.07s           2025-08-06T19:14:22
================================================================================
[2025-08-06T19:15:22.660+0000] {manager.py:879} INFO - 
================================================================================
DAG File Processing Stats

File Path                                PID    Runtime      # DAGs    # Errors  Last Runtime    Last Run
---------------------------------------  -----  ---------  --------  ----------  --------------  -------------------
/opt/airflow/dags/local_pipeline_dag.py                           1           0  0.09s           2025-08-06T19:14:52
================================================================================
[2025-08-06T19:15:52.828+0000] {manager.py:879} INFO - 
================================================================================
DAG File Processing Stats

File Path                                  PID  Runtime      # DAGs    # Errors  Last Runtime    Last Run
---------------------------------------  -----  ---------  --------  ----------  --------------  -------------------
/opt/airflow/dags/local_pipeline_dag.py    288  0.00s             1           0  0.07s           2025-08-06T19:15:22
================================================================================
[2025-08-06T19:16:22.961+0000] {manager.py:879} INFO - 
================================================================================
DAG File Processing Stats

File Path                                  PID  Runtime      # DAGs    # Errors  Last Runtime    Last Run
---------------------------------------  -----  ---------  --------  ----------  --------------  -------------------
/opt/airflow/dags/local_pipeline_dag.py    293  0.00s             1           0  0.07s           2025-08-06T19:15:52
================================================================================
[2025-08-06T19:16:53.061+0000] {manager.py:879} INFO - 
================================================================================
DAG File Processing Stats

File Path                                  PID  Runtime      # DAGs    # Errors  Last Runtime    Last Run
---------------------------------------  -----  ---------  --------  ----------  --------------  -------------------
/opt/airflow/dags/local_pipeline_dag.py    298  0.00s             1           0  0.08s           2025-08-06T19:16:23
================================================================================
[2025-08-06T19:17:23.201+0000] {manager.py:879} INFO - 
================================================================================
DAG File Processing Stats

File Path                                  PID  Runtime      # DAGs    # Errors  Last Runtime    Last Run
---------------------------------------  -----  ---------  --------  ----------  --------------  -------------------
/opt/airflow/dags/local_pipeline_dag.py    303  0.00s             1           0  0.09s           2025-08-06T19:16:53
================================================================================
[2025-08-06T19:17:53.320+0000] {manager.py:879} INFO - 
================================================================================
DAG File Processing Stats

File Path                                  PID  Runtime      # DAGs    # Errors  Last Runtime    Last Run
---------------------------------------  -----  ---------  --------  ----------  --------------  -------------------
/opt/airflow/dags/local_pipeline_dag.py    308  0.00s             1           0  0.09s           2025-08-06T19:17:23
================================================================================
[2025-08-06T19:18:23.465+0000] {manager.py:879} INFO - 
================================================================================
DAG File Processing Stats

File Path                                  PID  Runtime      # DAGs    # Errors  Last Runtime    Last Run
---------------------------------------  -----  ---------  --------  ----------  --------------  -------------------
/opt/airflow/dags/local_pipeline_dag.py    313  0.00s             1           0  0.10s           2025-08-06T19:17:53
================================================================================
[2025-08-06T19:18:50.587+0000] {manager.py:738} INFO - Searching for files in /opt/airflow/dags
[2025-08-06T19:18:50.588+0000] {manager.py:741} INFO - There are 1 files in /opt/airflow/dags
[2025-08-06T19:18:53.610+0000] {manager.py:879} INFO - 
================================================================================
DAG File Processing Stats

File Path                                  PID  Runtime      # DAGs    # Errors  Last Runtime    Last Run
---------------------------------------  -----  ---------  --------  ----------  --------------  -------------------
/opt/airflow/dags/local_pipeline_dag.py    318  0.01s             1           0  0.09s           2025-08-06T19:18:23
================================================================================
[2025-08-06T19:19:23.735+0000] {manager.py:879} INFO - 
================================================================================
DAG File Processing Stats

File Path                                  PID  Runtime      # DAGs    # Errors  Last Runtime    Last Run
---------------------------------------  -----  ---------  --------  ----------  --------------  -------------------
/opt/airflow/dags/local_pipeline_dag.py    323  0.00s             1           0  0.08s           2025-08-06T19:18:53
================================================================================
[2025-08-06T19:19:53.870+0000] {manager.py:879} INFO - 
================================================================================
DAG File Processing Stats

File Path                                  PID  Runtime      # DAGs    # Errors  Last Runtime    Last Run
---------------------------------------  -----  ---------  --------  ----------  --------------  -------------------
/opt/airflow/dags/local_pipeline_dag.py    328  0.01s             1           0  0.11s           2025-08-06T19:19:23
================================================================================
[2025-08-06T19:20:24.017+0000] {manager.py:879} INFO - 
================================================================================
DAG File Processing Stats

File Path                                  PID  Runtime      # DAGs    # Errors  Last Runtime    Last Run
---------------------------------------  -----  ---------  --------  ----------  --------------  -------------------
/opt/airflow/dags/local_pipeline_dag.py    333  0.00s             1           0  0.11s           2025-08-06T19:19:53
================================================================================
[2025-08-06T19:20:54.159+0000] {manager.py:879} INFO - 
================================================================================
DAG File Processing Stats

File Path                                  PID  Runtime      # DAGs    # Errors  Last Runtime    Last Run
---------------------------------------  -----  ---------  --------  ----------  --------------  -------------------
/opt/airflow/dags/local_pipeline_dag.py    338  0.00s             1           0  0.09s           2025-08-06T19:20:24
================================================================================
[2025-08-06T19:21:24.278+0000] {manager.py:879} INFO - 
================================================================================
DAG File Processing Stats

File Path                                  PID  Runtime      # DAGs    # Errors  Last Runtime    Last Run
---------------------------------------  -----  ---------  --------  ----------  --------------  -------------------
/opt/airflow/dags/local_pipeline_dag.py    343  0.00s             1           0  0.10s           2025-08-06T19:20:54
================================================================================
[2025-08-06T19:21:54.430+0000] {manager.py:879} INFO - 
================================================================================
DAG File Processing Stats

File Path                                  PID  Runtime      # DAGs    # Errors  Last Runtime    Last Run
---------------------------------------  -----  ---------  --------  ----------  --------------  -------------------
/opt/airflow/dags/local_pipeline_dag.py    348  0.00s             1           0  0.08s           2025-08-06T19:21:24
================================================================================
[2025-08-06T19:22:24.535+0000] {manager.py:879} INFO - 
================================================================================
DAG File Processing Stats

File Path                                  PID  Runtime      # DAGs    # Errors  Last Runtime    Last Run
---------------------------------------  -----  ---------  --------  ----------  --------------  -------------------
/opt/airflow/dags/local_pipeline_dag.py    353  0.01s             1           0  0.10s           2025-08-06T19:21:54
================================================================================
[2025-08-06T19:22:54.708+0000] {manager.py:879} INFO - 
================================================================================
DAG File Processing Stats

File Path                                  PID  Runtime      # DAGs    # Errors  Last Runtime    Last Run
---------------------------------------  -----  ---------  --------  ----------  --------------  -------------------
/opt/airflow/dags/local_pipeline_dag.py    358  0.01s             1           0  0.10s           2025-08-06T19:22:24
================================================================================
[2025-08-06T19:23:24.812+0000] {manager.py:879} INFO - 
================================================================================
DAG File Processing Stats

File Path                                  PID  Runtime      # DAGs    # Errors  Last Runtime    Last Run
---------------------------------------  -----  ---------  --------  ----------  --------------  -------------------
/opt/airflow/dags/local_pipeline_dag.py    363  0.00s             1           0  0.10s           2025-08-06T19:22:54
================================================================================
[2025-08-06T19:23:50.963+0000] {manager.py:738} INFO - Searching for files in /opt/airflow/dags
[2025-08-06T19:23:50.964+0000] {manager.py:741} INFO - There are 1 files in /opt/airflow/dags
[2025-08-06T19:23:54.989+0000] {manager.py:879} INFO - 
================================================================================
DAG File Processing Stats

File Path                                  PID  Runtime      # DAGs    # Errors  Last Runtime    Last Run
---------------------------------------  -----  ---------  --------  ----------  --------------  -------------------
/opt/airflow/dags/local_pipeline_dag.py    368  0.00s             1           0  0.10s           2025-08-06T19:23:24
================================================================================
[2025-08-06T19:24:25.094+0000] {manager.py:879} INFO - 
================================================================================
DAG File Processing Stats

File Path                                  PID  Runtime      # DAGs    # Errors  Last Runtime    Last Run
---------------------------------------  -----  ---------  --------  ----------  --------------  -------------------
/opt/airflow/dags/local_pipeline_dag.py    373  0.01s             1           0  0.10s           2025-08-06T19:23:55
================================================================================
[2025-08-06T19:24:55.265+0000] {manager.py:879} INFO - 
================================================================================
DAG File Processing Stats

File Path                                  PID  Runtime      # DAGs    # Errors  Last Runtime    Last Run
---------------------------------------  -----  ---------  --------  ----------  --------------  -------------------
/opt/airflow/dags/local_pipeline_dag.py    378  0.01s             1           0  0.10s           2025-08-06T19:24:25
================================================================================
[2025-08-06T19:25:25.354+0000] {manager.py:879} INFO - 
================================================================================
DAG File Processing Stats

File Path                                PID    Runtime      # DAGs    # Errors  Last Runtime    Last Run
---------------------------------------  -----  ---------  --------  ----------  --------------  -------------------
/opt/airflow/dags/local_pipeline_dag.py                           1           0  0.10s           2025-08-06T19:24:55
================================================================================
[2025-08-06T19:25:55.533+0000] {manager.py:879} INFO - 
================================================================================
DAG File Processing Stats

File Path                                  PID  Runtime      # DAGs    # Errors  Last Runtime    Last Run
---------------------------------------  -----  ---------  --------  ----------  --------------  -------------------
/opt/airflow/dags/local_pipeline_dag.py    388  0.00s             1           0  0.08s           2025-08-06T19:25:25
================================================================================
[2025-08-06T19:26:25.687+0000] {manager.py:879} INFO - 
================================================================================
DAG File Processing Stats

File Path                                  PID  Runtime      # DAGs    # Errors  Last Runtime    Last Run
---------------------------------------  -----  ---------  --------  ----------  --------------  -------------------
/opt/airflow/dags/local_pipeline_dag.py    393  0.00s             1           0  0.11s           2025-08-06T19:25:55
================================================================================
[2025-08-06T19:26:55.807+0000] {manager.py:879} INFO - 
================================================================================
DAG File Processing Stats

File Path                                  PID  Runtime      # DAGs    # Errors  Last Runtime    Last Run
---------------------------------------  -----  ---------  --------  ----------  --------------  -------------------
/opt/airflow/dags/local_pipeline_dag.py    398  0.01s             1           0  0.09s           2025-08-06T19:26:25
================================================================================
[2025-08-06T19:27:25.950+0000] {manager.py:879} INFO - 
================================================================================
DAG File Processing Stats

File Path                                  PID  Runtime      # DAGs    # Errors  Last Runtime    Last Run
---------------------------------------  -----  ---------  --------  ----------  --------------  -------------------
/opt/airflow/dags/local_pipeline_dag.py    403  0.00s             1           0  0.10s           2025-08-06T19:26:55
================================================================================
[2025-08-06T19:27:56.080+0000] {manager.py:879} INFO - 
================================================================================
DAG File Processing Stats

File Path                                  PID  Runtime      # DAGs    # Errors  Last Runtime    Last Run
---------------------------------------  -----  ---------  --------  ----------  --------------  -------------------
/opt/airflow/dags/local_pipeline_dag.py    408  0.00s             1           0  0.10s           2025-08-06T19:27:26
================================================================================
[2025-08-06T19:28:26.228+0000] {manager.py:879} INFO - 
================================================================================
DAG File Processing Stats

File Path                                  PID  Runtime      # DAGs    # Errors  Last Runtime    Last Run
---------------------------------------  -----  ---------  --------  ----------  --------------  -------------------
/opt/airflow/dags/local_pipeline_dag.py    413  0.00s             1           0  0.10s           2025-08-06T19:27:56
================================================================================
[2025-08-06T19:28:51.334+0000] {manager.py:738} INFO - Searching for files in /opt/airflow/dags
[2025-08-06T19:28:51.335+0000] {manager.py:741} INFO - There are 1 files in /opt/airflow/dags
[2025-08-06T19:28:56.366+0000] {manager.py:879} INFO - 
================================================================================
DAG File Processing Stats

File Path                                  PID  Runtime      # DAGs    # Errors  Last Runtime    Last Run
---------------------------------------  -----  ---------  --------  ----------  --------------  -------------------
/opt/airflow/dags/local_pipeline_dag.py    418  0.00s             1           0  0.10s           2025-08-06T19:28:26
================================================================================
[2025-08-06T19:29:26.494+0000] {manager.py:879} INFO - 
================================================================================
DAG File Processing Stats

File Path                                PID    Runtime      # DAGs    # Errors  Last Runtime    Last Run
---------------------------------------  -----  ---------  --------  ----------  --------------  -------------------
/opt/airflow/dags/local_pipeline_dag.py                           1           0  0.14s           2025-08-06T19:28:56
================================================================================
[2025-08-06T19:29:56.685+0000] {manager.py:879} INFO - 
================================================================================
DAG File Processing Stats

File Path                                PID    Runtime      # DAGs    # Errors  Last Runtime    Last Run
---------------------------------------  -----  ---------  --------  ----------  --------------  -------------------
/opt/airflow/dags/local_pipeline_dag.py                           1           0  0.10s           2025-08-06T19:29:26
================================================================================
[2025-08-06T19:30:26.858+0000] {manager.py:879} INFO - 
================================================================================
DAG File Processing Stats

File Path                                PID    Runtime      # DAGs    # Errors  Last Runtime    Last Run
---------------------------------------  -----  ---------  --------  ----------  --------------  -------------------
/opt/airflow/dags/local_pipeline_dag.py                           1           0  0.11s           2025-08-06T19:29:56
================================================================================
[2025-08-06T19:30:57.057+0000] {manager.py:879} INFO - 
================================================================================
DAG File Processing Stats

File Path                                  PID  Runtime      # DAGs    # Errors  Last Runtime    Last Run
---------------------------------------  -----  ---------  --------  ----------  --------------  -------------------
/opt/airflow/dags/local_pipeline_dag.py    438  0.00s             1           0  0.10s           2025-08-06T19:30:27
================================================================================
[2025-08-06T19:31:27.238+0000] {manager.py:879} INFO - 
================================================================================
DAG File Processing Stats

File Path                                  PID  Runtime      # DAGs    # Errors  Last Runtime    Last Run
---------------------------------------  -----  ---------  --------  ----------  --------------  -------------------
/opt/airflow/dags/local_pipeline_dag.py    443  0.00s             1           0  0.11s           2025-08-06T19:30:57
================================================================================
[2025-08-06T19:31:57.349+0000] {manager.py:879} INFO - 
================================================================================
DAG File Processing Stats

File Path                                  PID  Runtime      # DAGs    # Errors  Last Runtime    Last Run
---------------------------------------  -----  ---------  --------  ----------  --------------  -------------------
/opt/airflow/dags/local_pipeline_dag.py    448  0.00s             1           0  0.11s           2025-08-06T19:31:27
================================================================================
[2025-08-06T19:32:27.515+0000] {manager.py:879} INFO - 
================================================================================
DAG File Processing Stats

File Path                                  PID  Runtime      # DAGs    # Errors  Last Runtime    Last Run
---------------------------------------  -----  ---------  --------  ----------  --------------  -------------------
/opt/airflow/dags/local_pipeline_dag.py    453  0.00s             1           0  0.09s           2025-08-06T19:31:57
================================================================================
[2025-08-06T19:32:57.624+0000] {manager.py:879} INFO - 
================================================================================
DAG File Processing Stats

File Path                                  PID  Runtime      # DAGs    # Errors  Last Runtime    Last Run
---------------------------------------  -----  ---------  --------  ----------  --------------  -------------------
/opt/airflow/dags/local_pipeline_dag.py    458  0.01s             1           0  0.10s           2025-08-06T19:32:27
================================================================================
[2025-08-06T19:33:27.790+0000] {manager.py:879} INFO - 
================================================================================
DAG File Processing Stats

File Path                                  PID  Runtime      # DAGs    # Errors  Last Runtime    Last Run
---------------------------------------  -----  ---------  --------  ----------  --------------  -------------------
/opt/airflow/dags/local_pipeline_dag.py    463  0.00s             1           0  0.13s           2025-08-06T19:32:57
================================================================================
[2025-08-06T19:33:51.900+0000] {manager.py:738} INFO - Searching for files in /opt/airflow/dags
[2025-08-06T19:33:51.901+0000] {manager.py:741} INFO - There are 1 files in /opt/airflow/dags
[2025-08-06T19:33:57.930+0000] {manager.py:879} INFO - 
================================================================================
DAG File Processing Stats

File Path                                  PID  Runtime      # DAGs    # Errors  Last Runtime    Last Run
---------------------------------------  -----  ---------  --------  ----------  --------------  -------------------
/opt/airflow/dags/local_pipeline_dag.py    468  0.00s             1           0  0.10s           2025-08-06T19:33:27
================================================================================
[2025-08-06T19:34:28.051+0000] {manager.py:879} INFO - 
================================================================================
DAG File Processing Stats

File Path                                  PID  Runtime      # DAGs    # Errors  Last Runtime    Last Run
---------------------------------------  -----  ---------  --------  ----------  --------------  -------------------
/opt/airflow/dags/local_pipeline_dag.py    473  0.00s             1           0  0.09s           2025-08-06T19:33:58
================================================================================
[2025-08-06T19:34:58.185+0000] {manager.py:879} INFO - 
================================================================================
DAG File Processing Stats

File Path                                  PID  Runtime      # DAGs    # Errors  Last Runtime    Last Run
---------------------------------------  -----  ---------  --------  ----------  --------------  -------------------
/opt/airflow/dags/local_pipeline_dag.py    478  0.00s             1           0  0.10s           2025-08-06T19:34:28
================================================================================
[2025-08-06T19:35:28.318+0000] {manager.py:879} INFO - 
================================================================================
DAG File Processing Stats

File Path                                  PID  Runtime      # DAGs    # Errors  Last Runtime    Last Run
---------------------------------------  -----  ---------  --------  ----------  --------------  -------------------
/opt/airflow/dags/local_pipeline_dag.py    483  0.00s             1           0  0.10s           2025-08-06T19:34:58
================================================================================
[2025-08-06T19:35:58.458+0000] {manager.py:879} INFO - 
================================================================================
DAG File Processing Stats

File Path                                  PID  Runtime      # DAGs    # Errors  Last Runtime    Last Run
---------------------------------------  -----  ---------  --------  ----------  --------------  -------------------
/opt/airflow/dags/local_pipeline_dag.py    488  0.00s             1           0  0.09s           2025-08-06T19:35:28
================================================================================
[2025-08-06T19:36:28.579+0000] {manager.py:879} INFO - 
================================================================================
DAG File Processing Stats

File Path                                  PID  Runtime      # DAGs    # Errors  Last Runtime    Last Run
---------------------------------------  -----  ---------  --------  ----------  --------------  -------------------
/opt/airflow/dags/local_pipeline_dag.py    493  0.00s             1           0  0.10s           2025-08-06T19:35:58
================================================================================
[2025-08-06T19:36:58.735+0000] {manager.py:879} INFO - 
================================================================================
DAG File Processing Stats

File Path                                  PID  Runtime      # DAGs    # Errors  Last Runtime    Last Run
---------------------------------------  -----  ---------  --------  ----------  --------------  -------------------
/opt/airflow/dags/local_pipeline_dag.py    498  0.00s             1           0  0.10s           2025-08-06T19:36:28
================================================================================
[2025-08-06T19:37:28.837+0000] {manager.py:879} INFO - 
================================================================================
DAG File Processing Stats

File Path                                  PID  Runtime      # DAGs    # Errors  Last Runtime    Last Run
---------------------------------------  -----  ---------  --------  ----------  --------------  -------------------
/opt/airflow/dags/local_pipeline_dag.py    503  0.00s             1           0  0.08s           2025-08-06T19:36:58
================================================================================
[2025-08-06T19:37:58.988+0000] {manager.py:879} INFO - 
================================================================================
DAG File Processing Stats

File Path                                  PID  Runtime      # DAGs    # Errors  Last Runtime    Last Run
---------------------------------------  -----  ---------  --------  ----------  --------------  -------------------
/opt/airflow/dags/local_pipeline_dag.py    508  0.01s             1           0  0.09s           2025-08-06T19:37:28
================================================================================
[2025-08-06T19:38:29.104+0000] {manager.py:879} INFO - 
================================================================================
DAG File Processing Stats

File Path                                  PID  Runtime      # DAGs    # Errors  Last Runtime    Last Run
---------------------------------------  -----  ---------  --------  ----------  --------------  -------------------
/opt/airflow/dags/local_pipeline_dag.py    513  0.00s             1           0  0.11s           2025-08-06T19:37:59
================================================================================
[2025-08-06T19:38:52.243+0000] {manager.py:738} INFO - Searching for files in /opt/airflow/dags
[2025-08-06T19:38:52.244+0000] {manager.py:741} INFO - There are 1 files in /opt/airflow/dags
[2025-08-06T19:38:59.276+0000] {manager.py:879} INFO - 
================================================================================
DAG File Processing Stats

File Path                                  PID  Runtime      # DAGs    # Errors  Last Runtime    Last Run
---------------------------------------  -----  ---------  --------  ----------  --------------  -------------------
/opt/airflow/dags/local_pipeline_dag.py    518  0.00s             1           0  0.10s           2025-08-06T19:38:29
================================================================================
[2025-08-06T19:39:29.380+0000] {manager.py:879} INFO - 
================================================================================
DAG File Processing Stats

File Path                                  PID  Runtime      # DAGs    # Errors  Last Runtime    Last Run
---------------------------------------  -----  ---------  --------  ----------  --------------  -------------------
/opt/airflow/dags/local_pipeline_dag.py    523  0.00s             1           0  0.09s           2025-08-06T19:38:59
================================================================================
[2025-08-06T19:39:59.535+0000] {manager.py:879} INFO - 
================================================================================
DAG File Processing Stats

File Path                                  PID  Runtime      # DAGs    # Errors  Last Runtime    Last Run
---------------------------------------  -----  ---------  --------  ----------  --------------  -------------------
/opt/airflow/dags/local_pipeline_dag.py    528  0.00s             1           0  0.10s           2025-08-06T19:39:29
================================================================================
[2025-08-06T19:40:14.174+0000] {manager.py:451} INFO - Exiting gracefully upon receiving signal 15
[2025-08-06T19:50:23.016+0000] {manager.py:469} INFO - Processing files using up to 2 processes at a time 
[2025-08-06T19:50:23.022+0000] {manager.py:470} INFO - Process each file at most once every 30 seconds
[2025-08-06T19:50:23.022+0000] {manager.py:471} INFO - Checking for new files in /opt/airflow/dags every 300 seconds
[2025-08-06T19:50:23.022+0000] {manager.py:738} INFO - Searching for files in /opt/airflow/dags
[2025-08-06T19:50:23.024+0000] {manager.py:741} INFO - There are 1 files in /opt/airflow/dags
[2025-08-06T19:50:23.106+0000] {manager.py:879} INFO - 
================================================================================
DAG File Processing Stats

File Path                                  PID  Runtime      # DAGs    # Errors  Last Runtime    Last Run
---------------------------------------  -----  ---------  --------  ----------  --------------  ----------
/opt/airflow/dags/local_pipeline_dag.py    166  0.04s             0           0
================================================================================
[2025-08-06T19:50:53.206+0000] {manager.py:879} INFO - 
================================================================================
DAG File Processing Stats

File Path                                PID    Runtime      # DAGs    # Errors  Last Runtime    Last Run
---------------------------------------  -----  ---------  --------  ----------  --------------  -------------------
/opt/airflow/dags/local_pipeline_dag.py                           1           0  0.44s           2025-08-06T19:50:23
================================================================================
[2025-08-06T19:51:23.719+0000] {manager.py:879} INFO - 
================================================================================
DAG File Processing Stats

File Path                                  PID  Runtime      # DAGs    # Errors  Last Runtime    Last Run
---------------------------------------  -----  ---------  --------  ----------  --------------  -------------------
/opt/airflow/dags/local_pipeline_dag.py    177  0.00s             1           0  0.09s           2025-08-06T19:50:53
================================================================================
[2025-08-06T19:51:53.882+0000] {manager.py:879} INFO - 
================================================================================
DAG File Processing Stats

File Path                                  PID  Runtime      # DAGs    # Errors  Last Runtime    Last Run
---------------------------------------  -----  ---------  --------  ----------  --------------  -------------------
/opt/airflow/dags/local_pipeline_dag.py    182  0.00s             1           0  0.11s           2025-08-06T19:51:23
================================================================================
[2025-08-06T19:52:23.998+0000] {manager.py:879} INFO - 
================================================================================
DAG File Processing Stats

File Path                                  PID  Runtime      # DAGs    # Errors  Last Runtime    Last Run
---------------------------------------  -----  ---------  --------  ----------  --------------  -------------------
/opt/airflow/dags/local_pipeline_dag.py    199  0.00s             1           0  0.08s           2025-08-06T19:51:53
================================================================================
[2025-08-06T19:52:54.154+0000] {manager.py:879} INFO - 
================================================================================
DAG File Processing Stats

File Path                                  PID  Runtime      # DAGs    # Errors  Last Runtime    Last Run
---------------------------------------  -----  ---------  --------  ----------  --------------  -------------------
/opt/airflow/dags/local_pipeline_dag.py    216  0.00s             1           0  0.11s           2025-08-06T19:52:24
================================================================================
[2025-08-06T19:53:24.295+0000] {manager.py:879} INFO - 
================================================================================
DAG File Processing Stats

File Path                                  PID  Runtime      # DAGs    # Errors  Last Runtime    Last Run
---------------------------------------  -----  ---------  --------  ----------  --------------  -------------------
/opt/airflow/dags/local_pipeline_dag.py    246  0.00s             1           0  0.12s           2025-08-06T19:52:54
================================================================================
[2025-08-06T19:53:54.440+0000] {manager.py:879} INFO - 
================================================================================
DAG File Processing Stats

File Path                                  PID  Runtime      # DAGs    # Errors  Last Runtime    Last Run
---------------------------------------  -----  ---------  --------  ----------  --------------  -------------------
/opt/airflow/dags/local_pipeline_dag.py    251  0.00s             1           0  0.09s           2025-08-06T19:53:24
================================================================================
[2025-08-06T19:54:24.560+0000] {manager.py:879} INFO - 
================================================================================
DAG File Processing Stats

File Path                                  PID  Runtime      # DAGs    # Errors  Last Runtime    Last Run
---------------------------------------  -----  ---------  --------  ----------  --------------  -------------------
/opt/airflow/dags/local_pipeline_dag.py    256  0.01s             1           0  0.10s           2025-08-06T19:53:54
================================================================================
[2025-08-06T19:54:54.702+0000] {manager.py:879} INFO - 
================================================================================
DAG File Processing Stats

File Path                                  PID  Runtime      # DAGs    # Errors  Last Runtime    Last Run
---------------------------------------  -----  ---------  --------  ----------  --------------  -------------------
/opt/airflow/dags/local_pipeline_dag.py    261  0.00s             1           0  0.11s           2025-08-06T19:54:24
================================================================================
[2025-08-06T19:55:23.816+0000] {manager.py:738} INFO - Searching for files in /opt/airflow/dags
[2025-08-06T19:55:23.817+0000] {manager.py:741} INFO - There are 1 files in /opt/airflow/dags
[2025-08-06T19:55:24.829+0000] {manager.py:879} INFO - 
================================================================================
DAG File Processing Stats

File Path                                  PID  Runtime      # DAGs    # Errors  Last Runtime    Last Run
---------------------------------------  -----  ---------  --------  ----------  --------------  -------------------
/opt/airflow/dags/local_pipeline_dag.py    278  0.00s             1           0  0.10s           2025-08-06T19:54:54
================================================================================
[2025-08-06T19:55:54.962+0000] {manager.py:879} INFO - 
================================================================================
DAG File Processing Stats

File Path                                  PID  Runtime      # DAGs    # Errors  Last Runtime    Last Run
---------------------------------------  -----  ---------  --------  ----------  --------------  -------------------
/opt/airflow/dags/local_pipeline_dag.py    283  0.00s             1           0  0.07s           2025-08-06T19:55:24
================================================================================
[2025-08-06T19:56:25.070+0000] {manager.py:879} INFO - 
================================================================================
DAG File Processing Stats

File Path                                  PID  Runtime      # DAGs    # Errors  Last Runtime    Last Run
---------------------------------------  -----  ---------  --------  ----------  --------------  -------------------
/opt/airflow/dags/local_pipeline_dag.py    288  0.01s             1           0  0.07s           2025-08-06T19:55:55
================================================================================
[2025-08-06T19:56:55.203+0000] {manager.py:879} INFO - 
================================================================================
DAG File Processing Stats

File Path                                  PID  Runtime      # DAGs    # Errors  Last Runtime    Last Run
---------------------------------------  -----  ---------  --------  ----------  --------------  -------------------
/opt/airflow/dags/local_pipeline_dag.py    293  0.00s             1           0  0.10s           2025-08-06T19:56:25
================================================================================
[2025-08-06T19:57:17.329+0000] {manager.py:451} INFO - Exiting gracefully upon receiving signal 15
