[2025-08-06T19:03:49.738+0000] {processor.py:161} INFO - Started process (PID=167) to work on /opt/airflow/dags/local_pipeline_dag.py
[2025-08-06T19:03:49.739+0000] {processor.py:830} INFO - Processing file /opt/airflow/dags/local_pipeline_dag.py for tasks to queue
[2025-08-06T19:03:49.739+0000] {logging_mixin.py:188} INFO - [2025-08-06T19:03:49.739+0000] {dagbag.py:538} INFO - Filling up the DagBag from /opt/airflow/dags/local_pipeline_dag.py
[2025-08-06T19:03:49.758+0000] {processor.py:840} INFO - DAG(s) 'local_kafka_to_delta_pipeline' retrieved from /opt/airflow/dags/local_pipeline_dag.py
[2025-08-06T19:03:49.951+0000] {logging_mixin.py:188} INFO - [2025-08-06T19:03:49.951+0000] {override.py:1769} INFO - Created Permission View: can delete on DAG:local_kafka_to_delta_pipeline
[2025-08-06T19:03:49.958+0000] {logging_mixin.py:188} INFO - [2025-08-06T19:03:49.958+0000] {override.py:1769} INFO - Created Permission View: can edit on DAG:local_kafka_to_delta_pipeline
[2025-08-06T19:03:49.963+0000] {logging_mixin.py:188} INFO - [2025-08-06T19:03:49.963+0000] {override.py:1769} INFO - Created Permission View: can read on DAG:local_kafka_to_delta_pipeline
[2025-08-06T19:03:49.963+0000] {logging_mixin.py:188} INFO - [2025-08-06T19:03:49.963+0000] {dag.py:3033} INFO - Sync 1 DAGs
[2025-08-06T19:03:49.971+0000] {logging_mixin.py:188} INFO - [2025-08-06T19:03:49.971+0000] {dag.py:3055} INFO - Creating ORM DAG for local_kafka_to_delta_pipeline
[2025-08-06T19:03:49.980+0000] {logging_mixin.py:188} INFO - [2025-08-06T19:03:49.980+0000] {dag.py:3820} INFO - Setting next_dagrun for local_kafka_to_delta_pipeline to 2025-08-07T00:00:00+00:00, run_after=2025-08-07T00:05:00+00:00
[2025-08-06T19:03:49.996+0000] {processor.py:183} INFO - Processing /opt/airflow/dags/local_pipeline_dag.py took 0.261 seconds
[2025-08-06T19:04:20.085+0000] {processor.py:161} INFO - Started process (PID=173) to work on /opt/airflow/dags/local_pipeline_dag.py
[2025-08-06T19:04:20.085+0000] {processor.py:830} INFO - Processing file /opt/airflow/dags/local_pipeline_dag.py for tasks to queue
[2025-08-06T19:04:20.086+0000] {logging_mixin.py:188} INFO - [2025-08-06T19:04:20.085+0000] {dagbag.py:538} INFO - Filling up the DagBag from /opt/airflow/dags/local_pipeline_dag.py
[2025-08-06T19:04:20.093+0000] {processor.py:840} INFO - DAG(s) 'local_kafka_to_delta_pipeline' retrieved from /opt/airflow/dags/local_pipeline_dag.py
[2025-08-06T19:04:20.109+0000] {logging_mixin.py:188} INFO - [2025-08-06T19:04:20.109+0000] {dag.py:3033} INFO - Sync 1 DAGs
[2025-08-06T19:04:20.124+0000] {logging_mixin.py:188} INFO - [2025-08-06T19:04:20.124+0000] {dag.py:3820} INFO - Setting next_dagrun for local_kafka_to_delta_pipeline to 2025-08-07T00:00:00+00:00, run_after=2025-08-07T00:05:00+00:00
[2025-08-06T19:04:20.136+0000] {processor.py:183} INFO - Processing /opt/airflow/dags/local_pipeline_dag.py took 0.053 seconds
[2025-08-06T19:04:50.176+0000] {processor.py:161} INFO - Started process (PID=178) to work on /opt/airflow/dags/local_pipeline_dag.py
[2025-08-06T19:04:50.176+0000] {processor.py:830} INFO - Processing file /opt/airflow/dags/local_pipeline_dag.py for tasks to queue
[2025-08-06T19:04:50.177+0000] {logging_mixin.py:188} INFO - [2025-08-06T19:04:50.177+0000] {dagbag.py:538} INFO - Filling up the DagBag from /opt/airflow/dags/local_pipeline_dag.py
[2025-08-06T19:04:50.186+0000] {processor.py:840} INFO - DAG(s) 'local_kafka_to_delta_pipeline' retrieved from /opt/airflow/dags/local_pipeline_dag.py
[2025-08-06T19:04:50.203+0000] {logging_mixin.py:188} INFO - [2025-08-06T19:04:50.203+0000] {dag.py:3033} INFO - Sync 1 DAGs
[2025-08-06T19:04:50.220+0000] {logging_mixin.py:188} INFO - [2025-08-06T19:04:50.220+0000] {dag.py:3820} INFO - Setting next_dagrun for local_kafka_to_delta_pipeline to 2025-08-07T00:00:00+00:00, run_after=2025-08-07T00:05:00+00:00
[2025-08-06T19:04:50.236+0000] {processor.py:183} INFO - Processing /opt/airflow/dags/local_pipeline_dag.py took 0.062 seconds
[2025-08-06T19:05:20.306+0000] {processor.py:161} INFO - Started process (PID=183) to work on /opt/airflow/dags/local_pipeline_dag.py
[2025-08-06T19:05:20.307+0000] {processor.py:830} INFO - Processing file /opt/airflow/dags/local_pipeline_dag.py for tasks to queue
[2025-08-06T19:05:20.307+0000] {logging_mixin.py:188} INFO - [2025-08-06T19:05:20.307+0000] {dagbag.py:538} INFO - Filling up the DagBag from /opt/airflow/dags/local_pipeline_dag.py
[2025-08-06T19:05:20.315+0000] {processor.py:840} INFO - DAG(s) 'local_kafka_to_delta_pipeline' retrieved from /opt/airflow/dags/local_pipeline_dag.py
[2025-08-06T19:05:20.331+0000] {logging_mixin.py:188} INFO - [2025-08-06T19:05:20.331+0000] {dag.py:3033} INFO - Sync 1 DAGs
[2025-08-06T19:05:20.347+0000] {logging_mixin.py:188} INFO - [2025-08-06T19:05:20.347+0000] {dag.py:3820} INFO - Setting next_dagrun for local_kafka_to_delta_pipeline to 2025-08-07T00:00:00+00:00, run_after=2025-08-07T00:05:00+00:00
[2025-08-06T19:05:20.359+0000] {processor.py:183} INFO - Processing /opt/airflow/dags/local_pipeline_dag.py took 0.054 seconds
[2025-08-06T19:05:50.410+0000] {processor.py:161} INFO - Started process (PID=188) to work on /opt/airflow/dags/local_pipeline_dag.py
[2025-08-06T19:05:50.415+0000] {processor.py:830} INFO - Processing file /opt/airflow/dags/local_pipeline_dag.py for tasks to queue
[2025-08-06T19:05:50.416+0000] {logging_mixin.py:188} INFO - [2025-08-06T19:05:50.416+0000] {dagbag.py:538} INFO - Filling up the DagBag from /opt/airflow/dags/local_pipeline_dag.py
[2025-08-06T19:05:50.424+0000] {processor.py:840} INFO - DAG(s) 'local_kafka_to_delta_pipeline' retrieved from /opt/airflow/dags/local_pipeline_dag.py
[2025-08-06T19:05:50.442+0000] {logging_mixin.py:188} INFO - [2025-08-06T19:05:50.442+0000] {dag.py:3033} INFO - Sync 1 DAGs
[2025-08-06T19:05:50.457+0000] {logging_mixin.py:188} INFO - [2025-08-06T19:05:50.457+0000] {dag.py:3820} INFO - Setting next_dagrun for local_kafka_to_delta_pipeline to 2025-08-07T00:00:00+00:00, run_after=2025-08-07T00:05:00+00:00
[2025-08-06T19:05:50.469+0000] {processor.py:183} INFO - Processing /opt/airflow/dags/local_pipeline_dag.py took 0.061 seconds
[2025-08-06T19:06:20.537+0000] {processor.py:161} INFO - Started process (PID=193) to work on /opt/airflow/dags/local_pipeline_dag.py
[2025-08-06T19:06:20.542+0000] {processor.py:830} INFO - Processing file /opt/airflow/dags/local_pipeline_dag.py for tasks to queue
[2025-08-06T19:06:20.543+0000] {logging_mixin.py:188} INFO - [2025-08-06T19:06:20.543+0000] {dagbag.py:538} INFO - Filling up the DagBag from /opt/airflow/dags/local_pipeline_dag.py
[2025-08-06T19:06:20.550+0000] {processor.py:840} INFO - DAG(s) 'local_kafka_to_delta_pipeline' retrieved from /opt/airflow/dags/local_pipeline_dag.py
[2025-08-06T19:06:20.566+0000] {logging_mixin.py:188} INFO - [2025-08-06T19:06:20.566+0000] {dag.py:3033} INFO - Sync 1 DAGs
[2025-08-06T19:06:20.581+0000] {logging_mixin.py:188} INFO - [2025-08-06T19:06:20.581+0000] {dag.py:3820} INFO - Setting next_dagrun for local_kafka_to_delta_pipeline to 2025-08-07T00:00:00+00:00, run_after=2025-08-07T00:05:00+00:00
[2025-08-06T19:06:20.593+0000] {processor.py:183} INFO - Processing /opt/airflow/dags/local_pipeline_dag.py took 0.058 seconds
[2025-08-06T19:06:50.637+0000] {processor.py:161} INFO - Started process (PID=198) to work on /opt/airflow/dags/local_pipeline_dag.py
[2025-08-06T19:06:50.642+0000] {processor.py:830} INFO - Processing file /opt/airflow/dags/local_pipeline_dag.py for tasks to queue
[2025-08-06T19:06:50.643+0000] {logging_mixin.py:188} INFO - [2025-08-06T19:06:50.643+0000] {dagbag.py:538} INFO - Filling up the DagBag from /opt/airflow/dags/local_pipeline_dag.py
[2025-08-06T19:06:50.650+0000] {processor.py:840} INFO - DAG(s) 'local_kafka_to_delta_pipeline' retrieved from /opt/airflow/dags/local_pipeline_dag.py
[2025-08-06T19:06:50.668+0000] {logging_mixin.py:188} INFO - [2025-08-06T19:06:50.668+0000] {dag.py:3033} INFO - Sync 1 DAGs
[2025-08-06T19:06:50.683+0000] {logging_mixin.py:188} INFO - [2025-08-06T19:06:50.683+0000] {dag.py:3820} INFO - Setting next_dagrun for local_kafka_to_delta_pipeline to 2025-08-07T00:00:00+00:00, run_after=2025-08-07T00:05:00+00:00
[2025-08-06T19:06:50.694+0000] {processor.py:183} INFO - Processing /opt/airflow/dags/local_pipeline_dag.py took 0.059 seconds
[2025-08-06T19:07:20.771+0000] {processor.py:161} INFO - Started process (PID=203) to work on /opt/airflow/dags/local_pipeline_dag.py
[2025-08-06T19:07:20.776+0000] {processor.py:830} INFO - Processing file /opt/airflow/dags/local_pipeline_dag.py for tasks to queue
[2025-08-06T19:07:20.776+0000] {logging_mixin.py:188} INFO - [2025-08-06T19:07:20.776+0000] {dagbag.py:538} INFO - Filling up the DagBag from /opt/airflow/dags/local_pipeline_dag.py
[2025-08-06T19:07:20.783+0000] {processor.py:840} INFO - DAG(s) 'local_kafka_to_delta_pipeline' retrieved from /opt/airflow/dags/local_pipeline_dag.py
[2025-08-06T19:07:20.799+0000] {logging_mixin.py:188} INFO - [2025-08-06T19:07:20.799+0000] {dag.py:3033} INFO - Sync 1 DAGs
[2025-08-06T19:07:20.814+0000] {logging_mixin.py:188} INFO - [2025-08-06T19:07:20.813+0000] {dag.py:3820} INFO - Setting next_dagrun for local_kafka_to_delta_pipeline to 2025-08-07T00:00:00+00:00, run_after=2025-08-07T00:05:00+00:00
[2025-08-06T19:07:20.826+0000] {processor.py:183} INFO - Processing /opt/airflow/dags/local_pipeline_dag.py took 0.057 seconds
[2025-08-06T19:07:50.876+0000] {processor.py:161} INFO - Started process (PID=208) to work on /opt/airflow/dags/local_pipeline_dag.py
[2025-08-06T19:07:50.881+0000] {processor.py:830} INFO - Processing file /opt/airflow/dags/local_pipeline_dag.py for tasks to queue
[2025-08-06T19:07:50.881+0000] {logging_mixin.py:188} INFO - [2025-08-06T19:07:50.881+0000] {dagbag.py:538} INFO - Filling up the DagBag from /opt/airflow/dags/local_pipeline_dag.py
[2025-08-06T19:07:50.889+0000] {processor.py:840} INFO - DAG(s) 'local_kafka_to_delta_pipeline' retrieved from /opt/airflow/dags/local_pipeline_dag.py
[2025-08-06T19:07:50.905+0000] {logging_mixin.py:188} INFO - [2025-08-06T19:07:50.905+0000] {dag.py:3033} INFO - Sync 1 DAGs
[2025-08-06T19:07:50.922+0000] {logging_mixin.py:188} INFO - [2025-08-06T19:07:50.922+0000] {dag.py:3820} INFO - Setting next_dagrun for local_kafka_to_delta_pipeline to 2025-08-07T00:00:00+00:00, run_after=2025-08-07T00:05:00+00:00
[2025-08-06T19:07:50.934+0000] {processor.py:183} INFO - Processing /opt/airflow/dags/local_pipeline_dag.py took 0.061 seconds
[2025-08-06T19:08:21.009+0000] {processor.py:161} INFO - Started process (PID=213) to work on /opt/airflow/dags/local_pipeline_dag.py
[2025-08-06T19:08:21.009+0000] {processor.py:830} INFO - Processing file /opt/airflow/dags/local_pipeline_dag.py for tasks to queue
[2025-08-06T19:08:21.010+0000] {logging_mixin.py:188} INFO - [2025-08-06T19:08:21.010+0000] {dagbag.py:538} INFO - Filling up the DagBag from /opt/airflow/dags/local_pipeline_dag.py
[2025-08-06T19:08:21.017+0000] {processor.py:840} INFO - DAG(s) 'local_kafka_to_delta_pipeline' retrieved from /opt/airflow/dags/local_pipeline_dag.py
[2025-08-06T19:08:21.032+0000] {logging_mixin.py:188} INFO - [2025-08-06T19:08:21.032+0000] {dag.py:3033} INFO - Sync 1 DAGs
[2025-08-06T19:08:21.047+0000] {logging_mixin.py:188} INFO - [2025-08-06T19:08:21.047+0000] {dag.py:3820} INFO - Setting next_dagrun for local_kafka_to_delta_pipeline to 2025-08-07T00:00:00+00:00, run_after=2025-08-07T00:05:00+00:00
[2025-08-06T19:08:21.060+0000] {processor.py:183} INFO - Processing /opt/airflow/dags/local_pipeline_dag.py took 0.053 seconds
[2025-08-06T19:08:51.120+0000] {processor.py:161} INFO - Started process (PID=218) to work on /opt/airflow/dags/local_pipeline_dag.py
[2025-08-06T19:08:51.121+0000] {processor.py:830} INFO - Processing file /opt/airflow/dags/local_pipeline_dag.py for tasks to queue
[2025-08-06T19:08:51.121+0000] {logging_mixin.py:188} INFO - [2025-08-06T19:08:51.121+0000] {dagbag.py:538} INFO - Filling up the DagBag from /opt/airflow/dags/local_pipeline_dag.py
[2025-08-06T19:08:51.128+0000] {processor.py:840} INFO - DAG(s) 'local_kafka_to_delta_pipeline' retrieved from /opt/airflow/dags/local_pipeline_dag.py
[2025-08-06T19:08:51.144+0000] {logging_mixin.py:188} INFO - [2025-08-06T19:08:51.144+0000] {dag.py:3033} INFO - Sync 1 DAGs
[2025-08-06T19:08:51.159+0000] {logging_mixin.py:188} INFO - [2025-08-06T19:08:51.158+0000] {dag.py:3820} INFO - Setting next_dagrun for local_kafka_to_delta_pipeline to 2025-08-07T00:00:00+00:00, run_after=2025-08-07T00:05:00+00:00
[2025-08-06T19:08:51.172+0000] {processor.py:183} INFO - Processing /opt/airflow/dags/local_pipeline_dag.py took 0.053 seconds
[2025-08-06T19:09:21.237+0000] {processor.py:161} INFO - Started process (PID=223) to work on /opt/airflow/dags/local_pipeline_dag.py
[2025-08-06T19:09:21.242+0000] {processor.py:830} INFO - Processing file /opt/airflow/dags/local_pipeline_dag.py for tasks to queue
[2025-08-06T19:09:21.243+0000] {logging_mixin.py:188} INFO - [2025-08-06T19:09:21.243+0000] {dagbag.py:538} INFO - Filling up the DagBag from /opt/airflow/dags/local_pipeline_dag.py
[2025-08-06T19:09:21.251+0000] {processor.py:840} INFO - DAG(s) 'local_kafka_to_delta_pipeline' retrieved from /opt/airflow/dags/local_pipeline_dag.py
[2025-08-06T19:09:21.267+0000] {logging_mixin.py:188} INFO - [2025-08-06T19:09:21.267+0000] {dag.py:3033} INFO - Sync 1 DAGs
[2025-08-06T19:09:21.283+0000] {logging_mixin.py:188} INFO - [2025-08-06T19:09:21.283+0000] {dag.py:3820} INFO - Setting next_dagrun for local_kafka_to_delta_pipeline to 2025-08-07T00:00:00+00:00, run_after=2025-08-07T00:05:00+00:00
[2025-08-06T19:09:21.294+0000] {processor.py:183} INFO - Processing /opt/airflow/dags/local_pipeline_dag.py took 0.059 seconds
[2025-08-06T19:09:51.347+0000] {processor.py:161} INFO - Started process (PID=228) to work on /opt/airflow/dags/local_pipeline_dag.py
[2025-08-06T19:09:51.352+0000] {processor.py:830} INFO - Processing file /opt/airflow/dags/local_pipeline_dag.py for tasks to queue
[2025-08-06T19:09:51.353+0000] {logging_mixin.py:188} INFO - [2025-08-06T19:09:51.352+0000] {dagbag.py:538} INFO - Filling up the DagBag from /opt/airflow/dags/local_pipeline_dag.py
[2025-08-06T19:09:51.360+0000] {processor.py:840} INFO - DAG(s) 'local_kafka_to_delta_pipeline' retrieved from /opt/airflow/dags/local_pipeline_dag.py
[2025-08-06T19:09:51.376+0000] {logging_mixin.py:188} INFO - [2025-08-06T19:09:51.376+0000] {dag.py:3033} INFO - Sync 1 DAGs
[2025-08-06T19:09:51.393+0000] {logging_mixin.py:188} INFO - [2025-08-06T19:09:51.393+0000] {dag.py:3820} INFO - Setting next_dagrun for local_kafka_to_delta_pipeline to 2025-08-07T00:00:00+00:00, run_after=2025-08-07T00:05:00+00:00
[2025-08-06T19:09:51.404+0000] {processor.py:183} INFO - Processing /opt/airflow/dags/local_pipeline_dag.py took 0.060 seconds
[2025-08-06T19:10:21.471+0000] {processor.py:161} INFO - Started process (PID=233) to work on /opt/airflow/dags/local_pipeline_dag.py
[2025-08-06T19:10:21.476+0000] {processor.py:830} INFO - Processing file /opt/airflow/dags/local_pipeline_dag.py for tasks to queue
[2025-08-06T19:10:21.477+0000] {logging_mixin.py:188} INFO - [2025-08-06T19:10:21.476+0000] {dagbag.py:538} INFO - Filling up the DagBag from /opt/airflow/dags/local_pipeline_dag.py
[2025-08-06T19:10:21.485+0000] {processor.py:840} INFO - DAG(s) 'local_kafka_to_delta_pipeline' retrieved from /opt/airflow/dags/local_pipeline_dag.py
[2025-08-06T19:10:21.501+0000] {logging_mixin.py:188} INFO - [2025-08-06T19:10:21.501+0000] {dag.py:3033} INFO - Sync 1 DAGs
[2025-08-06T19:10:21.517+0000] {logging_mixin.py:188} INFO - [2025-08-06T19:10:21.517+0000] {dag.py:3820} INFO - Setting next_dagrun for local_kafka_to_delta_pipeline to 2025-08-07T00:00:00+00:00, run_after=2025-08-07T00:05:00+00:00
[2025-08-06T19:10:21.530+0000] {processor.py:183} INFO - Processing /opt/airflow/dags/local_pipeline_dag.py took 0.061 seconds
[2025-08-06T19:10:51.577+0000] {processor.py:161} INFO - Started process (PID=238) to work on /opt/airflow/dags/local_pipeline_dag.py
[2025-08-06T19:10:51.582+0000] {processor.py:830} INFO - Processing file /opt/airflow/dags/local_pipeline_dag.py for tasks to queue
[2025-08-06T19:10:51.582+0000] {logging_mixin.py:188} INFO - [2025-08-06T19:10:51.582+0000] {dagbag.py:538} INFO - Filling up the DagBag from /opt/airflow/dags/local_pipeline_dag.py
[2025-08-06T19:10:51.591+0000] {processor.py:840} INFO - DAG(s) 'local_kafka_to_delta_pipeline' retrieved from /opt/airflow/dags/local_pipeline_dag.py
[2025-08-06T19:10:51.607+0000] {logging_mixin.py:188} INFO - [2025-08-06T19:10:51.607+0000] {dag.py:3033} INFO - Sync 1 DAGs
[2025-08-06T19:10:51.624+0000] {logging_mixin.py:188} INFO - [2025-08-06T19:10:51.624+0000] {dag.py:3820} INFO - Setting next_dagrun for local_kafka_to_delta_pipeline to 2025-08-07T00:00:00+00:00, run_after=2025-08-07T00:05:00+00:00
[2025-08-06T19:10:51.638+0000] {processor.py:183} INFO - Processing /opt/airflow/dags/local_pipeline_dag.py took 0.063 seconds
[2025-08-06T19:11:21.710+0000] {processor.py:161} INFO - Started process (PID=243) to work on /opt/airflow/dags/local_pipeline_dag.py
[2025-08-06T19:11:21.716+0000] {processor.py:830} INFO - Processing file /opt/airflow/dags/local_pipeline_dag.py for tasks to queue
[2025-08-06T19:11:21.716+0000] {logging_mixin.py:188} INFO - [2025-08-06T19:11:21.716+0000] {dagbag.py:538} INFO - Filling up the DagBag from /opt/airflow/dags/local_pipeline_dag.py
[2025-08-06T19:11:21.724+0000] {processor.py:840} INFO - DAG(s) 'local_kafka_to_delta_pipeline' retrieved from /opt/airflow/dags/local_pipeline_dag.py
[2025-08-06T19:11:21.740+0000] {logging_mixin.py:188} INFO - [2025-08-06T19:11:21.740+0000] {dag.py:3033} INFO - Sync 1 DAGs
[2025-08-06T19:11:21.756+0000] {logging_mixin.py:188} INFO - [2025-08-06T19:11:21.756+0000] {dag.py:3820} INFO - Setting next_dagrun for local_kafka_to_delta_pipeline to 2025-08-07T00:00:00+00:00, run_after=2025-08-07T00:05:00+00:00
[2025-08-06T19:11:21.767+0000] {processor.py:183} INFO - Processing /opt/airflow/dags/local_pipeline_dag.py took 0.058 seconds
[2025-08-06T19:11:51.814+0000] {processor.py:161} INFO - Started process (PID=248) to work on /opt/airflow/dags/local_pipeline_dag.py
[2025-08-06T19:11:51.820+0000] {processor.py:830} INFO - Processing file /opt/airflow/dags/local_pipeline_dag.py for tasks to queue
[2025-08-06T19:11:51.820+0000] {logging_mixin.py:188} INFO - [2025-08-06T19:11:51.820+0000] {dagbag.py:538} INFO - Filling up the DagBag from /opt/airflow/dags/local_pipeline_dag.py
[2025-08-06T19:11:51.828+0000] {processor.py:840} INFO - DAG(s) 'local_kafka_to_delta_pipeline' retrieved from /opt/airflow/dags/local_pipeline_dag.py
[2025-08-06T19:11:51.844+0000] {logging_mixin.py:188} INFO - [2025-08-06T19:11:51.844+0000] {dag.py:3033} INFO - Sync 1 DAGs
[2025-08-06T19:11:51.859+0000] {logging_mixin.py:188} INFO - [2025-08-06T19:11:51.859+0000] {dag.py:3820} INFO - Setting next_dagrun for local_kafka_to_delta_pipeline to 2025-08-07T00:00:00+00:00, run_after=2025-08-07T00:05:00+00:00
[2025-08-06T19:11:51.871+0000] {processor.py:183} INFO - Processing /opt/airflow/dags/local_pipeline_dag.py took 0.058 seconds
[2025-08-06T19:12:21.939+0000] {processor.py:161} INFO - Started process (PID=253) to work on /opt/airflow/dags/local_pipeline_dag.py
[2025-08-06T19:12:21.939+0000] {processor.py:830} INFO - Processing file /opt/airflow/dags/local_pipeline_dag.py for tasks to queue
[2025-08-06T19:12:21.940+0000] {logging_mixin.py:188} INFO - [2025-08-06T19:12:21.939+0000] {dagbag.py:538} INFO - Filling up the DagBag from /opt/airflow/dags/local_pipeline_dag.py
[2025-08-06T19:12:21.948+0000] {processor.py:840} INFO - DAG(s) 'local_kafka_to_delta_pipeline' retrieved from /opt/airflow/dags/local_pipeline_dag.py
[2025-08-06T19:12:21.963+0000] {logging_mixin.py:188} INFO - [2025-08-06T19:12:21.963+0000] {dag.py:3033} INFO - Sync 1 DAGs
[2025-08-06T19:12:21.979+0000] {logging_mixin.py:188} INFO - [2025-08-06T19:12:21.979+0000] {dag.py:3820} INFO - Setting next_dagrun for local_kafka_to_delta_pipeline to 2025-08-07T00:00:00+00:00, run_after=2025-08-07T00:05:00+00:00
[2025-08-06T19:12:21.990+0000] {processor.py:183} INFO - Processing /opt/airflow/dags/local_pipeline_dag.py took 0.054 seconds
[2025-08-06T19:12:52.047+0000] {processor.py:161} INFO - Started process (PID=258) to work on /opt/airflow/dags/local_pipeline_dag.py
[2025-08-06T19:12:52.053+0000] {processor.py:830} INFO - Processing file /opt/airflow/dags/local_pipeline_dag.py for tasks to queue
[2025-08-06T19:12:52.053+0000] {logging_mixin.py:188} INFO - [2025-08-06T19:12:52.053+0000] {dagbag.py:538} INFO - Filling up the DagBag from /opt/airflow/dags/local_pipeline_dag.py
[2025-08-06T19:12:52.061+0000] {processor.py:840} INFO - DAG(s) 'local_kafka_to_delta_pipeline' retrieved from /opt/airflow/dags/local_pipeline_dag.py
[2025-08-06T19:12:52.076+0000] {logging_mixin.py:188} INFO - [2025-08-06T19:12:52.076+0000] {dag.py:3033} INFO - Sync 1 DAGs
[2025-08-06T19:12:52.091+0000] {logging_mixin.py:188} INFO - [2025-08-06T19:12:52.091+0000] {dag.py:3820} INFO - Setting next_dagrun for local_kafka_to_delta_pipeline to 2025-08-07T00:00:00+00:00, run_after=2025-08-07T00:05:00+00:00
[2025-08-06T19:12:52.103+0000] {processor.py:183} INFO - Processing /opt/airflow/dags/local_pipeline_dag.py took 0.058 seconds
[2025-08-06T19:13:22.173+0000] {processor.py:161} INFO - Started process (PID=263) to work on /opt/airflow/dags/local_pipeline_dag.py
[2025-08-06T19:13:22.174+0000] {processor.py:830} INFO - Processing file /opt/airflow/dags/local_pipeline_dag.py for tasks to queue
[2025-08-06T19:13:22.175+0000] {logging_mixin.py:188} INFO - [2025-08-06T19:13:22.174+0000] {dagbag.py:538} INFO - Filling up the DagBag from /opt/airflow/dags/local_pipeline_dag.py
[2025-08-06T19:13:22.186+0000] {processor.py:840} INFO - DAG(s) 'local_kafka_to_delta_pipeline' retrieved from /opt/airflow/dags/local_pipeline_dag.py
[2025-08-06T19:13:22.212+0000] {logging_mixin.py:188} INFO - [2025-08-06T19:13:22.212+0000] {dag.py:3033} INFO - Sync 1 DAGs
[2025-08-06T19:13:22.238+0000] {logging_mixin.py:188} INFO - [2025-08-06T19:13:22.238+0000] {dag.py:3820} INFO - Setting next_dagrun for local_kafka_to_delta_pipeline to 2025-08-07T00:00:00+00:00, run_after=2025-08-07T00:05:00+00:00
[2025-08-06T19:13:22.260+0000] {processor.py:183} INFO - Processing /opt/airflow/dags/local_pipeline_dag.py took 0.090 seconds
[2025-08-06T19:13:52.348+0000] {processor.py:161} INFO - Started process (PID=268) to work on /opt/airflow/dags/local_pipeline_dag.py
[2025-08-06T19:13:52.354+0000] {processor.py:830} INFO - Processing file /opt/airflow/dags/local_pipeline_dag.py for tasks to queue
[2025-08-06T19:13:52.355+0000] {logging_mixin.py:188} INFO - [2025-08-06T19:13:52.354+0000] {dagbag.py:538} INFO - Filling up the DagBag from /opt/airflow/dags/local_pipeline_dag.py
[2025-08-06T19:13:52.362+0000] {processor.py:840} INFO - DAG(s) 'local_kafka_to_delta_pipeline' retrieved from /opt/airflow/dags/local_pipeline_dag.py
[2025-08-06T19:13:52.378+0000] {logging_mixin.py:188} INFO - [2025-08-06T19:13:52.378+0000] {dag.py:3033} INFO - Sync 1 DAGs
[2025-08-06T19:13:52.394+0000] {logging_mixin.py:188} INFO - [2025-08-06T19:13:52.394+0000] {dag.py:3820} INFO - Setting next_dagrun for local_kafka_to_delta_pipeline to 2025-08-07T00:00:00+00:00, run_after=2025-08-07T00:05:00+00:00
[2025-08-06T19:13:52.407+0000] {processor.py:183} INFO - Processing /opt/airflow/dags/local_pipeline_dag.py took 0.061 seconds
[2025-08-06T19:14:22.442+0000] {processor.py:161} INFO - Started process (PID=273) to work on /opt/airflow/dags/local_pipeline_dag.py
[2025-08-06T19:14:22.443+0000] {processor.py:830} INFO - Processing file /opt/airflow/dags/local_pipeline_dag.py for tasks to queue
[2025-08-06T19:14:22.444+0000] {logging_mixin.py:188} INFO - [2025-08-06T19:14:22.443+0000] {dagbag.py:538} INFO - Filling up the DagBag from /opt/airflow/dags/local_pipeline_dag.py
[2025-08-06T19:14:22.452+0000] {processor.py:840} INFO - DAG(s) 'local_kafka_to_delta_pipeline' retrieved from /opt/airflow/dags/local_pipeline_dag.py
[2025-08-06T19:14:22.471+0000] {logging_mixin.py:188} INFO - [2025-08-06T19:14:22.470+0000] {dag.py:3033} INFO - Sync 1 DAGs
[2025-08-06T19:14:22.489+0000] {logging_mixin.py:188} INFO - [2025-08-06T19:14:22.489+0000] {dag.py:3820} INFO - Setting next_dagrun for local_kafka_to_delta_pipeline to 2025-08-07T00:00:00+00:00, run_after=2025-08-07T00:05:00+00:00
[2025-08-06T19:14:22.501+0000] {processor.py:183} INFO - Processing /opt/airflow/dags/local_pipeline_dag.py took 0.062 seconds
[2025-08-06T19:14:52.578+0000] {processor.py:161} INFO - Started process (PID=278) to work on /opt/airflow/dags/local_pipeline_dag.py
[2025-08-06T19:14:52.583+0000] {processor.py:830} INFO - Processing file /opt/airflow/dags/local_pipeline_dag.py for tasks to queue
[2025-08-06T19:14:52.584+0000] {logging_mixin.py:188} INFO - [2025-08-06T19:14:52.583+0000] {dagbag.py:538} INFO - Filling up the DagBag from /opt/airflow/dags/local_pipeline_dag.py
[2025-08-06T19:14:52.592+0000] {processor.py:840} INFO - DAG(s) 'local_kafka_to_delta_pipeline' retrieved from /opt/airflow/dags/local_pipeline_dag.py
[2025-08-06T19:14:52.612+0000] {logging_mixin.py:188} INFO - [2025-08-06T19:14:52.611+0000] {dag.py:3033} INFO - Sync 1 DAGs
[2025-08-06T19:14:52.633+0000] {logging_mixin.py:188} INFO - [2025-08-06T19:14:52.633+0000] {dag.py:3820} INFO - Setting next_dagrun for local_kafka_to_delta_pipeline to 2025-08-07T00:00:00+00:00, run_after=2025-08-07T00:05:00+00:00
[2025-08-06T19:14:52.652+0000] {processor.py:183} INFO - Processing /opt/airflow/dags/local_pipeline_dag.py took 0.077 seconds
[2025-08-06T19:15:22.742+0000] {processor.py:161} INFO - Started process (PID=283) to work on /opt/airflow/dags/local_pipeline_dag.py
[2025-08-06T19:15:22.742+0000] {processor.py:830} INFO - Processing file /opt/airflow/dags/local_pipeline_dag.py for tasks to queue
[2025-08-06T19:15:22.743+0000] {logging_mixin.py:188} INFO - [2025-08-06T19:15:22.742+0000] {dagbag.py:538} INFO - Filling up the DagBag from /opt/airflow/dags/local_pipeline_dag.py
[2025-08-06T19:15:22.750+0000] {processor.py:840} INFO - DAG(s) 'local_kafka_to_delta_pipeline' retrieved from /opt/airflow/dags/local_pipeline_dag.py
[2025-08-06T19:15:22.768+0000] {logging_mixin.py:188} INFO - [2025-08-06T19:15:22.768+0000] {dag.py:3033} INFO - Sync 1 DAGs
[2025-08-06T19:15:22.785+0000] {logging_mixin.py:188} INFO - [2025-08-06T19:15:22.785+0000] {dag.py:3820} INFO - Setting next_dagrun for local_kafka_to_delta_pipeline to 2025-08-07T00:00:00+00:00, run_after=2025-08-07T00:05:00+00:00
[2025-08-06T19:15:22.798+0000] {processor.py:183} INFO - Processing /opt/airflow/dags/local_pipeline_dag.py took 0.059 seconds
[2025-08-06T19:15:52.832+0000] {processor.py:161} INFO - Started process (PID=288) to work on /opt/airflow/dags/local_pipeline_dag.py
[2025-08-06T19:15:52.832+0000] {processor.py:830} INFO - Processing file /opt/airflow/dags/local_pipeline_dag.py for tasks to queue
[2025-08-06T19:15:52.833+0000] {logging_mixin.py:188} INFO - [2025-08-06T19:15:52.833+0000] {dagbag.py:538} INFO - Filling up the DagBag from /opt/airflow/dags/local_pipeline_dag.py
[2025-08-06T19:15:52.841+0000] {processor.py:840} INFO - DAG(s) 'local_kafka_to_delta_pipeline' retrieved from /opt/airflow/dags/local_pipeline_dag.py
[2025-08-06T19:15:52.859+0000] {logging_mixin.py:188} INFO - [2025-08-06T19:15:52.859+0000] {dag.py:3033} INFO - Sync 1 DAGs
[2025-08-06T19:15:52.877+0000] {logging_mixin.py:188} INFO - [2025-08-06T19:15:52.877+0000] {dag.py:3820} INFO - Setting next_dagrun for local_kafka_to_delta_pipeline to 2025-08-07T00:00:00+00:00, run_after=2025-08-07T00:05:00+00:00
[2025-08-06T19:15:52.890+0000] {processor.py:183} INFO - Processing /opt/airflow/dags/local_pipeline_dag.py took 0.061 seconds
[2025-08-06T19:16:22.966+0000] {processor.py:161} INFO - Started process (PID=293) to work on /opt/airflow/dags/local_pipeline_dag.py
[2025-08-06T19:16:22.966+0000] {processor.py:830} INFO - Processing file /opt/airflow/dags/local_pipeline_dag.py for tasks to queue
[2025-08-06T19:16:22.967+0000] {logging_mixin.py:188} INFO - [2025-08-06T19:16:22.966+0000] {dagbag.py:538} INFO - Filling up the DagBag from /opt/airflow/dags/local_pipeline_dag.py
[2025-08-06T19:16:22.975+0000] {processor.py:840} INFO - DAG(s) 'local_kafka_to_delta_pipeline' retrieved from /opt/airflow/dags/local_pipeline_dag.py
[2025-08-06T19:16:22.994+0000] {logging_mixin.py:188} INFO - [2025-08-06T19:16:22.994+0000] {dag.py:3033} INFO - Sync 1 DAGs
[2025-08-06T19:16:23.011+0000] {logging_mixin.py:188} INFO - [2025-08-06T19:16:23.011+0000] {dag.py:3820} INFO - Setting next_dagrun for local_kafka_to_delta_pipeline to 2025-08-07T00:00:00+00:00, run_after=2025-08-07T00:05:00+00:00
[2025-08-06T19:16:23.026+0000] {processor.py:183} INFO - Processing /opt/airflow/dags/local_pipeline_dag.py took 0.063 seconds
[2025-08-06T19:16:53.066+0000] {processor.py:161} INFO - Started process (PID=298) to work on /opt/airflow/dags/local_pipeline_dag.py
[2025-08-06T19:16:53.066+0000] {processor.py:830} INFO - Processing file /opt/airflow/dags/local_pipeline_dag.py for tasks to queue
[2025-08-06T19:16:53.067+0000] {logging_mixin.py:188} INFO - [2025-08-06T19:16:53.067+0000] {dagbag.py:538} INFO - Filling up the DagBag from /opt/airflow/dags/local_pipeline_dag.py
[2025-08-06T19:16:53.075+0000] {processor.py:840} INFO - DAG(s) 'local_kafka_to_delta_pipeline' retrieved from /opt/airflow/dags/local_pipeline_dag.py
[2025-08-06T19:16:53.100+0000] {logging_mixin.py:188} INFO - [2025-08-06T19:16:53.100+0000] {dag.py:3033} INFO - Sync 1 DAGs
[2025-08-06T19:16:53.120+0000] {logging_mixin.py:188} INFO - [2025-08-06T19:16:53.120+0000] {dag.py:3820} INFO - Setting next_dagrun for local_kafka_to_delta_pipeline to 2025-08-07T00:00:00+00:00, run_after=2025-08-07T00:05:00+00:00
[2025-08-06T19:16:53.135+0000] {processor.py:183} INFO - Processing /opt/airflow/dags/local_pipeline_dag.py took 0.072 seconds
[2025-08-06T19:17:23.205+0000] {processor.py:161} INFO - Started process (PID=303) to work on /opt/airflow/dags/local_pipeline_dag.py
[2025-08-06T19:17:23.211+0000] {processor.py:830} INFO - Processing file /opt/airflow/dags/local_pipeline_dag.py for tasks to queue
[2025-08-06T19:17:23.211+0000] {logging_mixin.py:188} INFO - [2025-08-06T19:17:23.211+0000] {dagbag.py:538} INFO - Filling up the DagBag from /opt/airflow/dags/local_pipeline_dag.py
[2025-08-06T19:17:23.221+0000] {processor.py:840} INFO - DAG(s) 'local_kafka_to_delta_pipeline' retrieved from /opt/airflow/dags/local_pipeline_dag.py
[2025-08-06T19:17:23.241+0000] {logging_mixin.py:188} INFO - [2025-08-06T19:17:23.241+0000] {dag.py:3033} INFO - Sync 1 DAGs
[2025-08-06T19:17:23.262+0000] {logging_mixin.py:188} INFO - [2025-08-06T19:17:23.262+0000] {dag.py:3820} INFO - Setting next_dagrun for local_kafka_to_delta_pipeline to 2025-08-07T00:00:00+00:00, run_after=2025-08-07T00:05:00+00:00
[2025-08-06T19:17:23.276+0000] {processor.py:183} INFO - Processing /opt/airflow/dags/local_pipeline_dag.py took 0.073 seconds
[2025-08-06T19:17:53.325+0000] {processor.py:161} INFO - Started process (PID=308) to work on /opt/airflow/dags/local_pipeline_dag.py
[2025-08-06T19:17:53.331+0000] {processor.py:830} INFO - Processing file /opt/airflow/dags/local_pipeline_dag.py for tasks to queue
[2025-08-06T19:17:53.331+0000] {logging_mixin.py:188} INFO - [2025-08-06T19:17:53.331+0000] {dagbag.py:538} INFO - Filling up the DagBag from /opt/airflow/dags/local_pipeline_dag.py
[2025-08-06T19:17:53.340+0000] {processor.py:840} INFO - DAG(s) 'local_kafka_to_delta_pipeline' retrieved from /opt/airflow/dags/local_pipeline_dag.py
[2025-08-06T19:17:53.367+0000] {logging_mixin.py:188} INFO - [2025-08-06T19:17:53.367+0000] {dag.py:3033} INFO - Sync 1 DAGs
[2025-08-06T19:17:53.391+0000] {logging_mixin.py:188} INFO - [2025-08-06T19:17:53.391+0000] {dag.py:3820} INFO - Setting next_dagrun for local_kafka_to_delta_pipeline to 2025-08-07T00:00:00+00:00, run_after=2025-08-07T00:05:00+00:00
[2025-08-06T19:17:53.408+0000] {processor.py:183} INFO - Processing /opt/airflow/dags/local_pipeline_dag.py took 0.086 seconds
[2025-08-06T19:18:23.471+0000] {processor.py:161} INFO - Started process (PID=313) to work on /opt/airflow/dags/local_pipeline_dag.py
[2025-08-06T19:18:23.476+0000] {processor.py:830} INFO - Processing file /opt/airflow/dags/local_pipeline_dag.py for tasks to queue
[2025-08-06T19:18:23.477+0000] {logging_mixin.py:188} INFO - [2025-08-06T19:18:23.477+0000] {dagbag.py:538} INFO - Filling up the DagBag from /opt/airflow/dags/local_pipeline_dag.py
[2025-08-06T19:18:23.487+0000] {processor.py:840} INFO - DAG(s) 'local_kafka_to_delta_pipeline' retrieved from /opt/airflow/dags/local_pipeline_dag.py
[2025-08-06T19:18:23.510+0000] {logging_mixin.py:188} INFO - [2025-08-06T19:18:23.509+0000] {dag.py:3033} INFO - Sync 1 DAGs
[2025-08-06T19:18:23.530+0000] {logging_mixin.py:188} INFO - [2025-08-06T19:18:23.530+0000] {dag.py:3820} INFO - Setting next_dagrun for local_kafka_to_delta_pipeline to 2025-08-07T00:00:00+00:00, run_after=2025-08-07T00:05:00+00:00
[2025-08-06T19:18:23.547+0000] {processor.py:183} INFO - Processing /opt/airflow/dags/local_pipeline_dag.py took 0.079 seconds
[2025-08-06T19:18:53.614+0000] {processor.py:161} INFO - Started process (PID=318) to work on /opt/airflow/dags/local_pipeline_dag.py
[2025-08-06T19:18:53.615+0000] {processor.py:830} INFO - Processing file /opt/airflow/dags/local_pipeline_dag.py for tasks to queue
[2025-08-06T19:18:53.616+0000] {logging_mixin.py:188} INFO - [2025-08-06T19:18:53.615+0000] {dagbag.py:538} INFO - Filling up the DagBag from /opt/airflow/dags/local_pipeline_dag.py
[2025-08-06T19:18:53.625+0000] {processor.py:840} INFO - DAG(s) 'local_kafka_to_delta_pipeline' retrieved from /opt/airflow/dags/local_pipeline_dag.py
[2025-08-06T19:18:53.644+0000] {logging_mixin.py:188} INFO - [2025-08-06T19:18:53.644+0000] {dag.py:3033} INFO - Sync 1 DAGs
[2025-08-06T19:18:53.663+0000] {logging_mixin.py:188} INFO - [2025-08-06T19:18:53.662+0000] {dag.py:3820} INFO - Setting next_dagrun for local_kafka_to_delta_pipeline to 2025-08-07T00:00:00+00:00, run_after=2025-08-07T00:05:00+00:00
[2025-08-06T19:18:53.679+0000] {processor.py:183} INFO - Processing /opt/airflow/dags/local_pipeline_dag.py took 0.067 seconds
[2025-08-06T19:19:23.742+0000] {processor.py:161} INFO - Started process (PID=323) to work on /opt/airflow/dags/local_pipeline_dag.py
[2025-08-06T19:19:23.747+0000] {processor.py:830} INFO - Processing file /opt/airflow/dags/local_pipeline_dag.py for tasks to queue
[2025-08-06T19:19:23.748+0000] {logging_mixin.py:188} INFO - [2025-08-06T19:19:23.747+0000] {dagbag.py:538} INFO - Filling up the DagBag from /opt/airflow/dags/local_pipeline_dag.py
[2025-08-06T19:19:23.758+0000] {processor.py:840} INFO - DAG(s) 'local_kafka_to_delta_pipeline' retrieved from /opt/airflow/dags/local_pipeline_dag.py
[2025-08-06T19:19:23.783+0000] {logging_mixin.py:188} INFO - [2025-08-06T19:19:23.783+0000] {dag.py:3033} INFO - Sync 1 DAGs
[2025-08-06T19:19:23.809+0000] {logging_mixin.py:188} INFO - [2025-08-06T19:19:23.809+0000] {dag.py:3820} INFO - Setting next_dagrun for local_kafka_to_delta_pipeline to 2025-08-07T00:00:00+00:00, run_after=2025-08-07T00:05:00+00:00
[2025-08-06T19:19:23.830+0000] {processor.py:183} INFO - Processing /opt/airflow/dags/local_pipeline_dag.py took 0.091 seconds
[2025-08-06T19:19:53.877+0000] {processor.py:161} INFO - Started process (PID=328) to work on /opt/airflow/dags/local_pipeline_dag.py
[2025-08-06T19:19:53.877+0000] {processor.py:830} INFO - Processing file /opt/airflow/dags/local_pipeline_dag.py for tasks to queue
[2025-08-06T19:19:53.878+0000] {logging_mixin.py:188} INFO - [2025-08-06T19:19:53.878+0000] {dagbag.py:538} INFO - Filling up the DagBag from /opt/airflow/dags/local_pipeline_dag.py
[2025-08-06T19:19:53.889+0000] {processor.py:840} INFO - DAG(s) 'local_kafka_to_delta_pipeline' retrieved from /opt/airflow/dags/local_pipeline_dag.py
[2025-08-06T19:19:53.914+0000] {logging_mixin.py:188} INFO - [2025-08-06T19:19:53.914+0000] {dag.py:3033} INFO - Sync 1 DAGs
[2025-08-06T19:19:53.945+0000] {logging_mixin.py:188} INFO - [2025-08-06T19:19:53.945+0000] {dag.py:3820} INFO - Setting next_dagrun for local_kafka_to_delta_pipeline to 2025-08-07T00:00:00+00:00, run_after=2025-08-07T00:05:00+00:00
[2025-08-06T19:19:53.967+0000] {processor.py:183} INFO - Processing /opt/airflow/dags/local_pipeline_dag.py took 0.094 seconds
[2025-08-06T19:20:24.022+0000] {processor.py:161} INFO - Started process (PID=333) to work on /opt/airflow/dags/local_pipeline_dag.py
[2025-08-06T19:20:24.028+0000] {processor.py:830} INFO - Processing file /opt/airflow/dags/local_pipeline_dag.py for tasks to queue
[2025-08-06T19:20:24.029+0000] {logging_mixin.py:188} INFO - [2025-08-06T19:20:24.028+0000] {dagbag.py:538} INFO - Filling up the DagBag from /opt/airflow/dags/local_pipeline_dag.py
[2025-08-06T19:20:24.038+0000] {processor.py:840} INFO - DAG(s) 'local_kafka_to_delta_pipeline' retrieved from /opt/airflow/dags/local_pipeline_dag.py
[2025-08-06T19:20:24.061+0000] {logging_mixin.py:188} INFO - [2025-08-06T19:20:24.060+0000] {dag.py:3033} INFO - Sync 1 DAGs
[2025-08-06T19:20:24.079+0000] {logging_mixin.py:188} INFO - [2025-08-06T19:20:24.079+0000] {dag.py:3820} INFO - Setting next_dagrun for local_kafka_to_delta_pipeline to 2025-08-07T00:00:00+00:00, run_after=2025-08-07T00:05:00+00:00
[2025-08-06T19:20:24.097+0000] {processor.py:183} INFO - Processing /opt/airflow/dags/local_pipeline_dag.py took 0.078 seconds
[2025-08-06T19:20:54.164+0000] {processor.py:161} INFO - Started process (PID=338) to work on /opt/airflow/dags/local_pipeline_dag.py
[2025-08-06T19:20:54.169+0000] {processor.py:830} INFO - Processing file /opt/airflow/dags/local_pipeline_dag.py for tasks to queue
[2025-08-06T19:20:54.170+0000] {logging_mixin.py:188} INFO - [2025-08-06T19:20:54.170+0000] {dagbag.py:538} INFO - Filling up the DagBag from /opt/airflow/dags/local_pipeline_dag.py
[2025-08-06T19:20:54.180+0000] {processor.py:840} INFO - DAG(s) 'local_kafka_to_delta_pipeline' retrieved from /opt/airflow/dags/local_pipeline_dag.py
[2025-08-06T19:20:54.202+0000] {logging_mixin.py:188} INFO - [2025-08-06T19:20:54.202+0000] {dag.py:3033} INFO - Sync 1 DAGs
[2025-08-06T19:20:54.230+0000] {logging_mixin.py:188} INFO - [2025-08-06T19:20:54.230+0000] {dag.py:3820} INFO - Setting next_dagrun for local_kafka_to_delta_pipeline to 2025-08-07T00:00:00+00:00, run_after=2025-08-07T00:05:00+00:00
[2025-08-06T19:20:54.247+0000] {processor.py:183} INFO - Processing /opt/airflow/dags/local_pipeline_dag.py took 0.085 seconds
[2025-08-06T19:21:24.283+0000] {processor.py:161} INFO - Started process (PID=343) to work on /opt/airflow/dags/local_pipeline_dag.py
[2025-08-06T19:21:24.288+0000] {processor.py:830} INFO - Processing file /opt/airflow/dags/local_pipeline_dag.py for tasks to queue
[2025-08-06T19:21:24.289+0000] {logging_mixin.py:188} INFO - [2025-08-06T19:21:24.288+0000] {dagbag.py:538} INFO - Filling up the DagBag from /opt/airflow/dags/local_pipeline_dag.py
[2025-08-06T19:21:24.297+0000] {processor.py:840} INFO - DAG(s) 'local_kafka_to_delta_pipeline' retrieved from /opt/airflow/dags/local_pipeline_dag.py
[2025-08-06T19:21:24.317+0000] {logging_mixin.py:188} INFO - [2025-08-06T19:21:24.317+0000] {dag.py:3033} INFO - Sync 1 DAGs
[2025-08-06T19:21:24.335+0000] {logging_mixin.py:188} INFO - [2025-08-06T19:21:24.335+0000] {dag.py:3820} INFO - Setting next_dagrun for local_kafka_to_delta_pipeline to 2025-08-07T00:00:00+00:00, run_after=2025-08-07T00:05:00+00:00
[2025-08-06T19:21:24.351+0000] {processor.py:183} INFO - Processing /opt/airflow/dags/local_pipeline_dag.py took 0.071 seconds
[2025-08-06T19:21:54.434+0000] {processor.py:161} INFO - Started process (PID=348) to work on /opt/airflow/dags/local_pipeline_dag.py
[2025-08-06T19:21:54.440+0000] {processor.py:830} INFO - Processing file /opt/airflow/dags/local_pipeline_dag.py for tasks to queue
[2025-08-06T19:21:54.440+0000] {logging_mixin.py:188} INFO - [2025-08-06T19:21:54.440+0000] {dagbag.py:538} INFO - Filling up the DagBag from /opt/airflow/dags/local_pipeline_dag.py
[2025-08-06T19:21:54.451+0000] {processor.py:840} INFO - DAG(s) 'local_kafka_to_delta_pipeline' retrieved from /opt/airflow/dags/local_pipeline_dag.py
[2025-08-06T19:21:54.473+0000] {logging_mixin.py:188} INFO - [2025-08-06T19:21:54.473+0000] {dag.py:3033} INFO - Sync 1 DAGs
[2025-08-06T19:21:54.496+0000] {logging_mixin.py:188} INFO - [2025-08-06T19:21:54.496+0000] {dag.py:3820} INFO - Setting next_dagrun for local_kafka_to_delta_pipeline to 2025-08-07T00:00:00+00:00, run_after=2025-08-07T00:05:00+00:00
[2025-08-06T19:21:54.516+0000] {processor.py:183} INFO - Processing /opt/airflow/dags/local_pipeline_dag.py took 0.084 seconds
[2025-08-06T19:22:24.542+0000] {processor.py:161} INFO - Started process (PID=353) to work on /opt/airflow/dags/local_pipeline_dag.py
[2025-08-06T19:22:24.548+0000] {processor.py:830} INFO - Processing file /opt/airflow/dags/local_pipeline_dag.py for tasks to queue
[2025-08-06T19:22:24.548+0000] {logging_mixin.py:188} INFO - [2025-08-06T19:22:24.548+0000] {dagbag.py:538} INFO - Filling up the DagBag from /opt/airflow/dags/local_pipeline_dag.py
[2025-08-06T19:22:24.559+0000] {processor.py:840} INFO - DAG(s) 'local_kafka_to_delta_pipeline' retrieved from /opt/airflow/dags/local_pipeline_dag.py
[2025-08-06T19:22:24.582+0000] {logging_mixin.py:188} INFO - [2025-08-06T19:22:24.581+0000] {dag.py:3033} INFO - Sync 1 DAGs
[2025-08-06T19:22:24.604+0000] {logging_mixin.py:188} INFO - [2025-08-06T19:22:24.604+0000] {dag.py:3820} INFO - Setting next_dagrun for local_kafka_to_delta_pipeline to 2025-08-07T00:00:00+00:00, run_after=2025-08-07T00:05:00+00:00
[2025-08-06T19:22:24.622+0000] {processor.py:183} INFO - Processing /opt/airflow/dags/local_pipeline_dag.py took 0.083 seconds
[2025-08-06T19:22:54.714+0000] {processor.py:161} INFO - Started process (PID=358) to work on /opt/airflow/dags/local_pipeline_dag.py
[2025-08-06T19:22:54.714+0000] {processor.py:830} INFO - Processing file /opt/airflow/dags/local_pipeline_dag.py for tasks to queue
[2025-08-06T19:22:54.715+0000] {logging_mixin.py:188} INFO - [2025-08-06T19:22:54.715+0000] {dagbag.py:538} INFO - Filling up the DagBag from /opt/airflow/dags/local_pipeline_dag.py
[2025-08-06T19:22:54.725+0000] {processor.py:840} INFO - DAG(s) 'local_kafka_to_delta_pipeline' retrieved from /opt/airflow/dags/local_pipeline_dag.py
[2025-08-06T19:22:54.751+0000] {logging_mixin.py:188} INFO - [2025-08-06T19:22:54.750+0000] {dag.py:3033} INFO - Sync 1 DAGs
[2025-08-06T19:22:54.776+0000] {logging_mixin.py:188} INFO - [2025-08-06T19:22:54.775+0000] {dag.py:3820} INFO - Setting next_dagrun for local_kafka_to_delta_pipeline to 2025-08-07T00:00:00+00:00, run_after=2025-08-07T00:05:00+00:00
[2025-08-06T19:22:54.794+0000] {processor.py:183} INFO - Processing /opt/airflow/dags/local_pipeline_dag.py took 0.083 seconds
[2025-08-06T19:23:24.816+0000] {processor.py:161} INFO - Started process (PID=363) to work on /opt/airflow/dags/local_pipeline_dag.py
[2025-08-06T19:23:24.822+0000] {processor.py:830} INFO - Processing file /opt/airflow/dags/local_pipeline_dag.py for tasks to queue
[2025-08-06T19:23:24.823+0000] {logging_mixin.py:188} INFO - [2025-08-06T19:23:24.823+0000] {dagbag.py:538} INFO - Filling up the DagBag from /opt/airflow/dags/local_pipeline_dag.py
[2025-08-06T19:23:24.836+0000] {processor.py:840} INFO - DAG(s) 'local_kafka_to_delta_pipeline' retrieved from /opt/airflow/dags/local_pipeline_dag.py
[2025-08-06T19:23:24.859+0000] {logging_mixin.py:188} INFO - [2025-08-06T19:23:24.859+0000] {dag.py:3033} INFO - Sync 1 DAGs
[2025-08-06T19:23:24.880+0000] {logging_mixin.py:188} INFO - [2025-08-06T19:23:24.880+0000] {dag.py:3820} INFO - Setting next_dagrun for local_kafka_to_delta_pipeline to 2025-08-07T00:00:00+00:00, run_after=2025-08-07T00:05:00+00:00
[2025-08-06T19:23:24.899+0000] {processor.py:183} INFO - Processing /opt/airflow/dags/local_pipeline_dag.py took 0.084 seconds
[2025-08-06T19:23:54.995+0000] {processor.py:161} INFO - Started process (PID=368) to work on /opt/airflow/dags/local_pipeline_dag.py
[2025-08-06T19:23:55.000+0000] {processor.py:830} INFO - Processing file /opt/airflow/dags/local_pipeline_dag.py for tasks to queue
[2025-08-06T19:23:55.001+0000] {logging_mixin.py:188} INFO - [2025-08-06T19:23:55.000+0000] {dagbag.py:538} INFO - Filling up the DagBag from /opt/airflow/dags/local_pipeline_dag.py
[2025-08-06T19:23:55.011+0000] {processor.py:840} INFO - DAG(s) 'local_kafka_to_delta_pipeline' retrieved from /opt/airflow/dags/local_pipeline_dag.py
[2025-08-06T19:23:55.033+0000] {logging_mixin.py:188} INFO - [2025-08-06T19:23:55.033+0000] {dag.py:3033} INFO - Sync 1 DAGs
[2025-08-06T19:23:55.056+0000] {logging_mixin.py:188} INFO - [2025-08-06T19:23:55.056+0000] {dag.py:3820} INFO - Setting next_dagrun for local_kafka_to_delta_pipeline to 2025-08-07T00:00:00+00:00, run_after=2025-08-07T00:05:00+00:00
[2025-08-06T19:23:55.074+0000] {processor.py:183} INFO - Processing /opt/airflow/dags/local_pipeline_dag.py took 0.083 seconds
[2025-08-06T19:24:25.099+0000] {processor.py:161} INFO - Started process (PID=373) to work on /opt/airflow/dags/local_pipeline_dag.py
[2025-08-06T19:24:25.104+0000] {processor.py:830} INFO - Processing file /opt/airflow/dags/local_pipeline_dag.py for tasks to queue
[2025-08-06T19:24:25.105+0000] {logging_mixin.py:188} INFO - [2025-08-06T19:24:25.105+0000] {dagbag.py:538} INFO - Filling up the DagBag from /opt/airflow/dags/local_pipeline_dag.py
[2025-08-06T19:24:25.115+0000] {processor.py:840} INFO - DAG(s) 'local_kafka_to_delta_pipeline' retrieved from /opt/airflow/dags/local_pipeline_dag.py
[2025-08-06T19:24:25.137+0000] {logging_mixin.py:188} INFO - [2025-08-06T19:24:25.137+0000] {dag.py:3033} INFO - Sync 1 DAGs
[2025-08-06T19:24:25.160+0000] {logging_mixin.py:188} INFO - [2025-08-06T19:24:25.160+0000] {dag.py:3820} INFO - Setting next_dagrun for local_kafka_to_delta_pipeline to 2025-08-07T00:00:00+00:00, run_after=2025-08-07T00:05:00+00:00
[2025-08-06T19:24:25.176+0000] {processor.py:183} INFO - Processing /opt/airflow/dags/local_pipeline_dag.py took 0.080 seconds
[2025-08-06T19:24:55.270+0000] {processor.py:161} INFO - Started process (PID=378) to work on /opt/airflow/dags/local_pipeline_dag.py
[2025-08-06T19:24:55.275+0000] {processor.py:830} INFO - Processing file /opt/airflow/dags/local_pipeline_dag.py for tasks to queue
[2025-08-06T19:24:55.276+0000] {logging_mixin.py:188} INFO - [2025-08-06T19:24:55.276+0000] {dagbag.py:538} INFO - Filling up the DagBag from /opt/airflow/dags/local_pipeline_dag.py
[2025-08-06T19:24:55.289+0000] {processor.py:840} INFO - DAG(s) 'local_kafka_to_delta_pipeline' retrieved from /opt/airflow/dags/local_pipeline_dag.py
[2025-08-06T19:24:55.310+0000] {logging_mixin.py:188} INFO - [2025-08-06T19:24:55.310+0000] {dag.py:3033} INFO - Sync 1 DAGs
[2025-08-06T19:24:55.332+0000] {logging_mixin.py:188} INFO - [2025-08-06T19:24:55.332+0000] {dag.py:3820} INFO - Setting next_dagrun for local_kafka_to_delta_pipeline to 2025-08-07T00:00:00+00:00, run_after=2025-08-07T00:05:00+00:00
[2025-08-06T19:24:55.349+0000] {processor.py:183} INFO - Processing /opt/airflow/dags/local_pipeline_dag.py took 0.082 seconds
[2025-08-06T19:25:25.436+0000] {processor.py:161} INFO - Started process (PID=383) to work on /opt/airflow/dags/local_pipeline_dag.py
[2025-08-06T19:25:25.442+0000] {processor.py:830} INFO - Processing file /opt/airflow/dags/local_pipeline_dag.py for tasks to queue
[2025-08-06T19:25:25.442+0000] {logging_mixin.py:188} INFO - [2025-08-06T19:25:25.442+0000] {dagbag.py:538} INFO - Filling up the DagBag from /opt/airflow/dags/local_pipeline_dag.py
[2025-08-06T19:25:25.451+0000] {processor.py:840} INFO - DAG(s) 'local_kafka_to_delta_pipeline' retrieved from /opt/airflow/dags/local_pipeline_dag.py
[2025-08-06T19:25:25.469+0000] {logging_mixin.py:188} INFO - [2025-08-06T19:25:25.469+0000] {dag.py:3033} INFO - Sync 1 DAGs
[2025-08-06T19:25:25.488+0000] {logging_mixin.py:188} INFO - [2025-08-06T19:25:25.488+0000] {dag.py:3820} INFO - Setting next_dagrun for local_kafka_to_delta_pipeline to 2025-08-07T00:00:00+00:00, run_after=2025-08-07T00:05:00+00:00
[2025-08-06T19:25:25.501+0000] {processor.py:183} INFO - Processing /opt/airflow/dags/local_pipeline_dag.py took 0.067 seconds
[2025-08-06T19:25:55.538+0000] {processor.py:161} INFO - Started process (PID=388) to work on /opt/airflow/dags/local_pipeline_dag.py
[2025-08-06T19:25:55.543+0000] {processor.py:830} INFO - Processing file /opt/airflow/dags/local_pipeline_dag.py for tasks to queue
[2025-08-06T19:25:55.544+0000] {logging_mixin.py:188} INFO - [2025-08-06T19:25:55.544+0000] {dagbag.py:538} INFO - Filling up the DagBag from /opt/airflow/dags/local_pipeline_dag.py
[2025-08-06T19:25:55.555+0000] {processor.py:840} INFO - DAG(s) 'local_kafka_to_delta_pipeline' retrieved from /opt/airflow/dags/local_pipeline_dag.py
[2025-08-06T19:25:55.581+0000] {logging_mixin.py:188} INFO - [2025-08-06T19:25:55.581+0000] {dag.py:3033} INFO - Sync 1 DAGs
[2025-08-06T19:25:55.604+0000] {logging_mixin.py:188} INFO - [2025-08-06T19:25:55.604+0000] {dag.py:3820} INFO - Setting next_dagrun for local_kafka_to_delta_pipeline to 2025-08-07T00:00:00+00:00, run_after=2025-08-07T00:05:00+00:00
[2025-08-06T19:25:55.623+0000] {processor.py:183} INFO - Processing /opt/airflow/dags/local_pipeline_dag.py took 0.088 seconds
[2025-08-06T19:26:25.691+0000] {processor.py:161} INFO - Started process (PID=393) to work on /opt/airflow/dags/local_pipeline_dag.py
[2025-08-06T19:26:25.697+0000] {processor.py:830} INFO - Processing file /opt/airflow/dags/local_pipeline_dag.py for tasks to queue
[2025-08-06T19:26:25.698+0000] {logging_mixin.py:188} INFO - [2025-08-06T19:26:25.697+0000] {dagbag.py:538} INFO - Filling up the DagBag from /opt/airflow/dags/local_pipeline_dag.py
[2025-08-06T19:26:25.709+0000] {processor.py:840} INFO - DAG(s) 'local_kafka_to_delta_pipeline' retrieved from /opt/airflow/dags/local_pipeline_dag.py
[2025-08-06T19:26:25.728+0000] {logging_mixin.py:188} INFO - [2025-08-06T19:26:25.728+0000] {dag.py:3033} INFO - Sync 1 DAGs
[2025-08-06T19:26:25.751+0000] {logging_mixin.py:188} INFO - [2025-08-06T19:26:25.751+0000] {dag.py:3820} INFO - Setting next_dagrun for local_kafka_to_delta_pipeline to 2025-08-07T00:00:00+00:00, run_after=2025-08-07T00:05:00+00:00
[2025-08-06T19:26:25.769+0000] {processor.py:183} INFO - Processing /opt/airflow/dags/local_pipeline_dag.py took 0.080 seconds
[2025-08-06T19:26:55.812+0000] {processor.py:161} INFO - Started process (PID=398) to work on /opt/airflow/dags/local_pipeline_dag.py
[2025-08-06T19:26:55.818+0000] {processor.py:830} INFO - Processing file /opt/airflow/dags/local_pipeline_dag.py for tasks to queue
[2025-08-06T19:26:55.818+0000] {logging_mixin.py:188} INFO - [2025-08-06T19:26:55.818+0000] {dagbag.py:538} INFO - Filling up the DagBag from /opt/airflow/dags/local_pipeline_dag.py
[2025-08-06T19:26:55.828+0000] {processor.py:840} INFO - DAG(s) 'local_kafka_to_delta_pipeline' retrieved from /opt/airflow/dags/local_pipeline_dag.py
[2025-08-06T19:26:55.852+0000] {logging_mixin.py:188} INFO - [2025-08-06T19:26:55.852+0000] {dag.py:3033} INFO - Sync 1 DAGs
[2025-08-06T19:26:55.877+0000] {logging_mixin.py:188} INFO - [2025-08-06T19:26:55.877+0000] {dag.py:3820} INFO - Setting next_dagrun for local_kafka_to_delta_pipeline to 2025-08-07T00:00:00+00:00, run_after=2025-08-07T00:05:00+00:00
[2025-08-06T19:26:55.895+0000] {processor.py:183} INFO - Processing /opt/airflow/dags/local_pipeline_dag.py took 0.086 seconds
[2025-08-06T19:27:25.956+0000] {processor.py:161} INFO - Started process (PID=403) to work on /opt/airflow/dags/local_pipeline_dag.py
[2025-08-06T19:27:25.961+0000] {processor.py:830} INFO - Processing file /opt/airflow/dags/local_pipeline_dag.py for tasks to queue
[2025-08-06T19:27:25.962+0000] {logging_mixin.py:188} INFO - [2025-08-06T19:27:25.962+0000] {dagbag.py:538} INFO - Filling up the DagBag from /opt/airflow/dags/local_pipeline_dag.py
[2025-08-06T19:27:25.972+0000] {processor.py:840} INFO - DAG(s) 'local_kafka_to_delta_pipeline' retrieved from /opt/airflow/dags/local_pipeline_dag.py
[2025-08-06T19:27:25.993+0000] {logging_mixin.py:188} INFO - [2025-08-06T19:27:25.993+0000] {dag.py:3033} INFO - Sync 1 DAGs
[2025-08-06T19:27:26.016+0000] {logging_mixin.py:188} INFO - [2025-08-06T19:27:26.016+0000] {dag.py:3820} INFO - Setting next_dagrun for local_kafka_to_delta_pipeline to 2025-08-07T00:00:00+00:00, run_after=2025-08-07T00:05:00+00:00
[2025-08-06T19:27:26.037+0000] {processor.py:183} INFO - Processing /opt/airflow/dags/local_pipeline_dag.py took 0.084 seconds
[2025-08-06T19:27:56.086+0000] {processor.py:161} INFO - Started process (PID=408) to work on /opt/airflow/dags/local_pipeline_dag.py
[2025-08-06T19:27:56.091+0000] {processor.py:830} INFO - Processing file /opt/airflow/dags/local_pipeline_dag.py for tasks to queue
[2025-08-06T19:27:56.092+0000] {logging_mixin.py:188} INFO - [2025-08-06T19:27:56.092+0000] {dagbag.py:538} INFO - Filling up the DagBag from /opt/airflow/dags/local_pipeline_dag.py
[2025-08-06T19:27:56.103+0000] {processor.py:840} INFO - DAG(s) 'local_kafka_to_delta_pipeline' retrieved from /opt/airflow/dags/local_pipeline_dag.py
[2025-08-06T19:27:56.126+0000] {logging_mixin.py:188} INFO - [2025-08-06T19:27:56.126+0000] {dag.py:3033} INFO - Sync 1 DAGs
[2025-08-06T19:27:56.148+0000] {logging_mixin.py:188} INFO - [2025-08-06T19:27:56.148+0000] {dag.py:3820} INFO - Setting next_dagrun for local_kafka_to_delta_pipeline to 2025-08-07T00:00:00+00:00, run_after=2025-08-07T00:05:00+00:00
[2025-08-06T19:27:56.168+0000] {processor.py:183} INFO - Processing /opt/airflow/dags/local_pipeline_dag.py took 0.085 seconds
[2025-08-06T19:28:26.233+0000] {processor.py:161} INFO - Started process (PID=413) to work on /opt/airflow/dags/local_pipeline_dag.py
[2025-08-06T19:28:26.239+0000] {processor.py:830} INFO - Processing file /opt/airflow/dags/local_pipeline_dag.py for tasks to queue
[2025-08-06T19:28:26.239+0000] {logging_mixin.py:188} INFO - [2025-08-06T19:28:26.239+0000] {dagbag.py:538} INFO - Filling up the DagBag from /opt/airflow/dags/local_pipeline_dag.py
[2025-08-06T19:28:26.249+0000] {processor.py:840} INFO - DAG(s) 'local_kafka_to_delta_pipeline' retrieved from /opt/airflow/dags/local_pipeline_dag.py
[2025-08-06T19:28:26.273+0000] {logging_mixin.py:188} INFO - [2025-08-06T19:28:26.273+0000] {dag.py:3033} INFO - Sync 1 DAGs
[2025-08-06T19:28:26.296+0000] {logging_mixin.py:188} INFO - [2025-08-06T19:28:26.296+0000] {dag.py:3820} INFO - Setting next_dagrun for local_kafka_to_delta_pipeline to 2025-08-07T00:00:00+00:00, run_after=2025-08-07T00:05:00+00:00
[2025-08-06T19:28:26.312+0000] {processor.py:183} INFO - Processing /opt/airflow/dags/local_pipeline_dag.py took 0.082 seconds
[2025-08-06T19:28:56.372+0000] {processor.py:161} INFO - Started process (PID=418) to work on /opt/airflow/dags/local_pipeline_dag.py
[2025-08-06T19:28:56.373+0000] {processor.py:830} INFO - Processing file /opt/airflow/dags/local_pipeline_dag.py for tasks to queue
[2025-08-06T19:28:56.374+0000] {logging_mixin.py:188} INFO - [2025-08-06T19:28:56.374+0000] {dagbag.py:538} INFO - Filling up the DagBag from /opt/airflow/dags/local_pipeline_dag.py
[2025-08-06T19:28:56.388+0000] {processor.py:840} INFO - DAG(s) 'local_kafka_to_delta_pipeline' retrieved from /opt/airflow/dags/local_pipeline_dag.py
[2025-08-06T19:28:56.421+0000] {logging_mixin.py:188} INFO - [2025-08-06T19:28:56.421+0000] {dag.py:3033} INFO - Sync 1 DAGs
[2025-08-06T19:28:56.459+0000] {logging_mixin.py:188} INFO - [2025-08-06T19:28:56.458+0000] {dag.py:3820} INFO - Setting next_dagrun for local_kafka_to_delta_pipeline to 2025-08-07T00:00:00+00:00, run_after=2025-08-07T00:05:00+00:00
[2025-08-06T19:28:56.488+0000] {processor.py:183} INFO - Processing /opt/airflow/dags/local_pipeline_dag.py took 0.119 seconds
[2025-08-06T19:29:26.594+0000] {processor.py:161} INFO - Started process (PID=423) to work on /opt/airflow/dags/local_pipeline_dag.py
[2025-08-06T19:29:26.600+0000] {processor.py:830} INFO - Processing file /opt/airflow/dags/local_pipeline_dag.py for tasks to queue
[2025-08-06T19:29:26.601+0000] {logging_mixin.py:188} INFO - [2025-08-06T19:29:26.601+0000] {dagbag.py:538} INFO - Filling up the DagBag from /opt/airflow/dags/local_pipeline_dag.py
[2025-08-06T19:29:26.613+0000] {processor.py:840} INFO - DAG(s) 'local_kafka_to_delta_pipeline' retrieved from /opt/airflow/dags/local_pipeline_dag.py
[2025-08-06T19:29:26.634+0000] {logging_mixin.py:188} INFO - [2025-08-06T19:29:26.634+0000] {dag.py:3033} INFO - Sync 1 DAGs
[2025-08-06T19:29:26.660+0000] {logging_mixin.py:188} INFO - [2025-08-06T19:29:26.660+0000] {dag.py:3820} INFO - Setting next_dagrun for local_kafka_to_delta_pipeline to 2025-08-07T00:00:00+00:00, run_after=2025-08-07T00:05:00+00:00
[2025-08-06T19:29:26.677+0000] {processor.py:183} INFO - Processing /opt/airflow/dags/local_pipeline_dag.py took 0.086 seconds
[2025-08-06T19:29:56.771+0000] {processor.py:161} INFO - Started process (PID=428) to work on /opt/airflow/dags/local_pipeline_dag.py
[2025-08-06T19:29:56.777+0000] {processor.py:830} INFO - Processing file /opt/airflow/dags/local_pipeline_dag.py for tasks to queue
[2025-08-06T19:29:56.778+0000] {logging_mixin.py:188} INFO - [2025-08-06T19:29:56.778+0000] {dagbag.py:538} INFO - Filling up the DagBag from /opt/airflow/dags/local_pipeline_dag.py
[2025-08-06T19:29:56.790+0000] {processor.py:840} INFO - DAG(s) 'local_kafka_to_delta_pipeline' retrieved from /opt/airflow/dags/local_pipeline_dag.py
[2025-08-06T19:29:56.816+0000] {logging_mixin.py:188} INFO - [2025-08-06T19:29:56.816+0000] {dag.py:3033} INFO - Sync 1 DAGs
[2025-08-06T19:29:56.845+0000] {logging_mixin.py:188} INFO - [2025-08-06T19:29:56.845+0000] {dag.py:3820} INFO - Setting next_dagrun for local_kafka_to_delta_pipeline to 2025-08-07T00:00:00+00:00, run_after=2025-08-07T00:05:00+00:00
[2025-08-06T19:29:56.862+0000] {processor.py:183} INFO - Processing /opt/airflow/dags/local_pipeline_dag.py took 0.095 seconds
[2025-08-06T19:30:26.961+0000] {processor.py:161} INFO - Started process (PID=433) to work on /opt/airflow/dags/local_pipeline_dag.py
[2025-08-06T19:30:26.966+0000] {processor.py:830} INFO - Processing file /opt/airflow/dags/local_pipeline_dag.py for tasks to queue
[2025-08-06T19:30:26.967+0000] {logging_mixin.py:188} INFO - [2025-08-06T19:30:26.967+0000] {dagbag.py:538} INFO - Filling up the DagBag from /opt/airflow/dags/local_pipeline_dag.py
[2025-08-06T19:30:26.977+0000] {processor.py:840} INFO - DAG(s) 'local_kafka_to_delta_pipeline' retrieved from /opt/airflow/dags/local_pipeline_dag.py
[2025-08-06T19:30:27.000+0000] {logging_mixin.py:188} INFO - [2025-08-06T19:30:26.999+0000] {dag.py:3033} INFO - Sync 1 DAGs
[2025-08-06T19:30:27.024+0000] {logging_mixin.py:188} INFO - [2025-08-06T19:30:27.024+0000] {dag.py:3820} INFO - Setting next_dagrun for local_kafka_to_delta_pipeline to 2025-08-07T00:00:00+00:00, run_after=2025-08-07T00:05:00+00:00
[2025-08-06T19:30:27.043+0000] {processor.py:183} INFO - Processing /opt/airflow/dags/local_pipeline_dag.py took 0.085 seconds
[2025-08-06T19:30:57.063+0000] {processor.py:161} INFO - Started process (PID=438) to work on /opt/airflow/dags/local_pipeline_dag.py
[2025-08-06T19:30:57.064+0000] {processor.py:830} INFO - Processing file /opt/airflow/dags/local_pipeline_dag.py for tasks to queue
[2025-08-06T19:30:57.065+0000] {logging_mixin.py:188} INFO - [2025-08-06T19:30:57.064+0000] {dagbag.py:538} INFO - Filling up the DagBag from /opt/airflow/dags/local_pipeline_dag.py
[2025-08-06T19:30:57.077+0000] {processor.py:840} INFO - DAG(s) 'local_kafka_to_delta_pipeline' retrieved from /opt/airflow/dags/local_pipeline_dag.py
[2025-08-06T19:30:57.105+0000] {logging_mixin.py:188} INFO - [2025-08-06T19:30:57.104+0000] {dag.py:3033} INFO - Sync 1 DAGs
[2025-08-06T19:30:57.132+0000] {logging_mixin.py:188} INFO - [2025-08-06T19:30:57.132+0000] {dag.py:3820} INFO - Setting next_dagrun for local_kafka_to_delta_pipeline to 2025-08-07T00:00:00+00:00, run_after=2025-08-07T00:05:00+00:00
[2025-08-06T19:30:57.152+0000] {processor.py:183} INFO - Processing /opt/airflow/dags/local_pipeline_dag.py took 0.092 seconds
[2025-08-06T19:31:27.242+0000] {processor.py:161} INFO - Started process (PID=443) to work on /opt/airflow/dags/local_pipeline_dag.py
[2025-08-06T19:31:27.247+0000] {processor.py:830} INFO - Processing file /opt/airflow/dags/local_pipeline_dag.py for tasks to queue
[2025-08-06T19:31:27.248+0000] {logging_mixin.py:188} INFO - [2025-08-06T19:31:27.248+0000] {dagbag.py:538} INFO - Filling up the DagBag from /opt/airflow/dags/local_pipeline_dag.py
[2025-08-06T19:31:27.260+0000] {processor.py:840} INFO - DAG(s) 'local_kafka_to_delta_pipeline' retrieved from /opt/airflow/dags/local_pipeline_dag.py
[2025-08-06T19:31:27.291+0000] {logging_mixin.py:188} INFO - [2025-08-06T19:31:27.290+0000] {dag.py:3033} INFO - Sync 1 DAGs
[2025-08-06T19:31:27.314+0000] {logging_mixin.py:188} INFO - [2025-08-06T19:31:27.314+0000] {dag.py:3820} INFO - Setting next_dagrun for local_kafka_to_delta_pipeline to 2025-08-07T00:00:00+00:00, run_after=2025-08-07T00:05:00+00:00
[2025-08-06T19:31:27.333+0000] {processor.py:183} INFO - Processing /opt/airflow/dags/local_pipeline_dag.py took 0.093 seconds
[2025-08-06T19:31:57.355+0000] {processor.py:161} INFO - Started process (PID=448) to work on /opt/airflow/dags/local_pipeline_dag.py
[2025-08-06T19:31:57.356+0000] {processor.py:830} INFO - Processing file /opt/airflow/dags/local_pipeline_dag.py for tasks to queue
[2025-08-06T19:31:57.356+0000] {logging_mixin.py:188} INFO - [2025-08-06T19:31:57.356+0000] {dagbag.py:538} INFO - Filling up the DagBag from /opt/airflow/dags/local_pipeline_dag.py
[2025-08-06T19:31:57.365+0000] {processor.py:840} INFO - DAG(s) 'local_kafka_to_delta_pipeline' retrieved from /opt/airflow/dags/local_pipeline_dag.py
[2025-08-06T19:31:57.385+0000] {logging_mixin.py:188} INFO - [2025-08-06T19:31:57.385+0000] {dag.py:3033} INFO - Sync 1 DAGs
[2025-08-06T19:31:57.406+0000] {logging_mixin.py:188} INFO - [2025-08-06T19:31:57.406+0000] {dag.py:3820} INFO - Setting next_dagrun for local_kafka_to_delta_pipeline to 2025-08-07T00:00:00+00:00, run_after=2025-08-07T00:05:00+00:00
[2025-08-06T19:31:57.425+0000] {processor.py:183} INFO - Processing /opt/airflow/dags/local_pipeline_dag.py took 0.074 seconds
[2025-08-06T19:32:27.521+0000] {processor.py:161} INFO - Started process (PID=453) to work on /opt/airflow/dags/local_pipeline_dag.py
[2025-08-06T19:32:27.527+0000] {processor.py:830} INFO - Processing file /opt/airflow/dags/local_pipeline_dag.py for tasks to queue
[2025-08-06T19:32:27.528+0000] {logging_mixin.py:188} INFO - [2025-08-06T19:32:27.528+0000] {dagbag.py:538} INFO - Filling up the DagBag from /opt/airflow/dags/local_pipeline_dag.py
[2025-08-06T19:32:27.538+0000] {processor.py:840} INFO - DAG(s) 'local_kafka_to_delta_pipeline' retrieved from /opt/airflow/dags/local_pipeline_dag.py
[2025-08-06T19:32:27.560+0000] {logging_mixin.py:188} INFO - [2025-08-06T19:32:27.560+0000] {dag.py:3033} INFO - Sync 1 DAGs
[2025-08-06T19:32:27.585+0000] {logging_mixin.py:188} INFO - [2025-08-06T19:32:27.584+0000] {dag.py:3820} INFO - Setting next_dagrun for local_kafka_to_delta_pipeline to 2025-08-07T00:00:00+00:00, run_after=2025-08-07T00:05:00+00:00
[2025-08-06T19:32:27.601+0000] {processor.py:183} INFO - Processing /opt/airflow/dags/local_pipeline_dag.py took 0.083 seconds
[2025-08-06T19:32:57.631+0000] {processor.py:161} INFO - Started process (PID=458) to work on /opt/airflow/dags/local_pipeline_dag.py
[2025-08-06T19:32:57.631+0000] {processor.py:830} INFO - Processing file /opt/airflow/dags/local_pipeline_dag.py for tasks to queue
[2025-08-06T19:32:57.632+0000] {logging_mixin.py:188} INFO - [2025-08-06T19:32:57.632+0000] {dagbag.py:538} INFO - Filling up the DagBag from /opt/airflow/dags/local_pipeline_dag.py
[2025-08-06T19:32:57.643+0000] {processor.py:840} INFO - DAG(s) 'local_kafka_to_delta_pipeline' retrieved from /opt/airflow/dags/local_pipeline_dag.py
[2025-08-06T19:32:57.674+0000] {logging_mixin.py:188} INFO - [2025-08-06T19:32:57.673+0000] {dag.py:3033} INFO - Sync 1 DAGs
[2025-08-06T19:32:57.709+0000] {logging_mixin.py:188} INFO - [2025-08-06T19:32:57.709+0000] {dag.py:3820} INFO - Setting next_dagrun for local_kafka_to_delta_pipeline to 2025-08-07T00:00:00+00:00, run_after=2025-08-07T00:05:00+00:00
[2025-08-06T19:32:57.734+0000] {processor.py:183} INFO - Processing /opt/airflow/dags/local_pipeline_dag.py took 0.106 seconds
[2025-08-06T19:33:27.795+0000] {processor.py:161} INFO - Started process (PID=463) to work on /opt/airflow/dags/local_pipeline_dag.py
[2025-08-06T19:33:27.800+0000] {processor.py:830} INFO - Processing file /opt/airflow/dags/local_pipeline_dag.py for tasks to queue
[2025-08-06T19:33:27.801+0000] {logging_mixin.py:188} INFO - [2025-08-06T19:33:27.801+0000] {dagbag.py:538} INFO - Filling up the DagBag from /opt/airflow/dags/local_pipeline_dag.py
[2025-08-06T19:33:27.811+0000] {processor.py:840} INFO - DAG(s) 'local_kafka_to_delta_pipeline' retrieved from /opt/airflow/dags/local_pipeline_dag.py
[2025-08-06T19:33:27.835+0000] {logging_mixin.py:188} INFO - [2025-08-06T19:33:27.834+0000] {dag.py:3033} INFO - Sync 1 DAGs
[2025-08-06T19:33:27.857+0000] {logging_mixin.py:188} INFO - [2025-08-06T19:33:27.857+0000] {dag.py:3820} INFO - Setting next_dagrun for local_kafka_to_delta_pipeline to 2025-08-07T00:00:00+00:00, run_after=2025-08-07T00:05:00+00:00
[2025-08-06T19:33:27.874+0000] {processor.py:183} INFO - Processing /opt/airflow/dags/local_pipeline_dag.py took 0.082 seconds
[2025-08-06T19:33:57.934+0000] {processor.py:161} INFO - Started process (PID=468) to work on /opt/airflow/dags/local_pipeline_dag.py
[2025-08-06T19:33:57.935+0000] {processor.py:830} INFO - Processing file /opt/airflow/dags/local_pipeline_dag.py for tasks to queue
[2025-08-06T19:33:57.935+0000] {logging_mixin.py:188} INFO - [2025-08-06T19:33:57.935+0000] {dagbag.py:538} INFO - Filling up the DagBag from /opt/airflow/dags/local_pipeline_dag.py
[2025-08-06T19:33:57.944+0000] {processor.py:840} INFO - DAG(s) 'local_kafka_to_delta_pipeline' retrieved from /opt/airflow/dags/local_pipeline_dag.py
[2025-08-06T19:33:57.964+0000] {logging_mixin.py:188} INFO - [2025-08-06T19:33:57.964+0000] {dag.py:3033} INFO - Sync 1 DAGs
[2025-08-06T19:33:57.989+0000] {logging_mixin.py:188} INFO - [2025-08-06T19:33:57.988+0000] {dag.py:3820} INFO - Setting next_dagrun for local_kafka_to_delta_pipeline to 2025-08-07T00:00:00+00:00, run_after=2025-08-07T00:05:00+00:00
[2025-08-06T19:33:58.006+0000] {processor.py:183} INFO - Processing /opt/airflow/dags/local_pipeline_dag.py took 0.074 seconds
[2025-08-06T19:34:28.055+0000] {processor.py:161} INFO - Started process (PID=473) to work on /opt/airflow/dags/local_pipeline_dag.py
[2025-08-06T19:34:28.061+0000] {processor.py:830} INFO - Processing file /opt/airflow/dags/local_pipeline_dag.py for tasks to queue
[2025-08-06T19:34:28.061+0000] {logging_mixin.py:188} INFO - [2025-08-06T19:34:28.061+0000] {dagbag.py:538} INFO - Filling up the DagBag from /opt/airflow/dags/local_pipeline_dag.py
[2025-08-06T19:34:28.072+0000] {processor.py:840} INFO - DAG(s) 'local_kafka_to_delta_pipeline' retrieved from /opt/airflow/dags/local_pipeline_dag.py
[2025-08-06T19:34:28.095+0000] {logging_mixin.py:188} INFO - [2025-08-06T19:34:28.095+0000] {dag.py:3033} INFO - Sync 1 DAGs
[2025-08-06T19:34:28.119+0000] {logging_mixin.py:188} INFO - [2025-08-06T19:34:28.119+0000] {dag.py:3820} INFO - Setting next_dagrun for local_kafka_to_delta_pipeline to 2025-08-07T00:00:00+00:00, run_after=2025-08-07T00:05:00+00:00
[2025-08-06T19:34:28.136+0000] {processor.py:183} INFO - Processing /opt/airflow/dags/local_pipeline_dag.py took 0.083 seconds
[2025-08-06T19:34:58.190+0000] {processor.py:161} INFO - Started process (PID=478) to work on /opt/airflow/dags/local_pipeline_dag.py
[2025-08-06T19:34:58.191+0000] {processor.py:830} INFO - Processing file /opt/airflow/dags/local_pipeline_dag.py for tasks to queue
[2025-08-06T19:34:58.191+0000] {logging_mixin.py:188} INFO - [2025-08-06T19:34:58.191+0000] {dagbag.py:538} INFO - Filling up the DagBag from /opt/airflow/dags/local_pipeline_dag.py
[2025-08-06T19:34:58.202+0000] {processor.py:840} INFO - DAG(s) 'local_kafka_to_delta_pipeline' retrieved from /opt/airflow/dags/local_pipeline_dag.py
[2025-08-06T19:34:58.225+0000] {logging_mixin.py:188} INFO - [2025-08-06T19:34:58.225+0000] {dag.py:3033} INFO - Sync 1 DAGs
[2025-08-06T19:34:58.249+0000] {logging_mixin.py:188} INFO - [2025-08-06T19:34:58.249+0000] {dag.py:3820} INFO - Setting next_dagrun for local_kafka_to_delta_pipeline to 2025-08-07T00:00:00+00:00, run_after=2025-08-07T00:05:00+00:00
[2025-08-06T19:34:58.267+0000] {processor.py:183} INFO - Processing /opt/airflow/dags/local_pipeline_dag.py took 0.080 seconds
[2025-08-06T19:35:28.322+0000] {processor.py:161} INFO - Started process (PID=483) to work on /opt/airflow/dags/local_pipeline_dag.py
[2025-08-06T19:35:28.327+0000] {processor.py:830} INFO - Processing file /opt/airflow/dags/local_pipeline_dag.py for tasks to queue
[2025-08-06T19:35:28.328+0000] {logging_mixin.py:188} INFO - [2025-08-06T19:35:28.328+0000] {dagbag.py:538} INFO - Filling up the DagBag from /opt/airflow/dags/local_pipeline_dag.py
[2025-08-06T19:35:28.338+0000] {processor.py:840} INFO - DAG(s) 'local_kafka_to_delta_pipeline' retrieved from /opt/airflow/dags/local_pipeline_dag.py
[2025-08-06T19:35:28.356+0000] {logging_mixin.py:188} INFO - [2025-08-06T19:35:28.356+0000] {dag.py:3033} INFO - Sync 1 DAGs
[2025-08-06T19:35:28.376+0000] {logging_mixin.py:188} INFO - [2025-08-06T19:35:28.376+0000] {dag.py:3820} INFO - Setting next_dagrun for local_kafka_to_delta_pipeline to 2025-08-07T00:00:00+00:00, run_after=2025-08-07T00:05:00+00:00
[2025-08-06T19:35:28.391+0000] {processor.py:183} INFO - Processing /opt/airflow/dags/local_pipeline_dag.py took 0.072 seconds
[2025-08-06T19:35:58.464+0000] {processor.py:161} INFO - Started process (PID=488) to work on /opt/airflow/dags/local_pipeline_dag.py
[2025-08-06T19:35:58.465+0000] {processor.py:830} INFO - Processing file /opt/airflow/dags/local_pipeline_dag.py for tasks to queue
[2025-08-06T19:35:58.465+0000] {logging_mixin.py:188} INFO - [2025-08-06T19:35:58.465+0000] {dagbag.py:538} INFO - Filling up the DagBag from /opt/airflow/dags/local_pipeline_dag.py
[2025-08-06T19:35:58.476+0000] {processor.py:840} INFO - DAG(s) 'local_kafka_to_delta_pipeline' retrieved from /opt/airflow/dags/local_pipeline_dag.py
[2025-08-06T19:35:58.504+0000] {logging_mixin.py:188} INFO - [2025-08-06T19:35:58.503+0000] {dag.py:3033} INFO - Sync 1 DAGs
[2025-08-06T19:35:58.529+0000] {logging_mixin.py:188} INFO - [2025-08-06T19:35:58.529+0000] {dag.py:3820} INFO - Setting next_dagrun for local_kafka_to_delta_pipeline to 2025-08-07T00:00:00+00:00, run_after=2025-08-07T00:05:00+00:00
[2025-08-06T19:35:58.550+0000] {processor.py:183} INFO - Processing /opt/airflow/dags/local_pipeline_dag.py took 0.088 seconds
[2025-08-06T19:36:28.583+0000] {processor.py:161} INFO - Started process (PID=493) to work on /opt/airflow/dags/local_pipeline_dag.py
[2025-08-06T19:36:28.589+0000] {processor.py:830} INFO - Processing file /opt/airflow/dags/local_pipeline_dag.py for tasks to queue
[2025-08-06T19:36:28.589+0000] {logging_mixin.py:188} INFO - [2025-08-06T19:36:28.589+0000] {dagbag.py:538} INFO - Filling up the DagBag from /opt/airflow/dags/local_pipeline_dag.py
[2025-08-06T19:36:28.601+0000] {processor.py:840} INFO - DAG(s) 'local_kafka_to_delta_pipeline' retrieved from /opt/airflow/dags/local_pipeline_dag.py
[2025-08-06T19:36:28.622+0000] {logging_mixin.py:188} INFO - [2025-08-06T19:36:28.622+0000] {dag.py:3033} INFO - Sync 1 DAGs
[2025-08-06T19:36:28.644+0000] {logging_mixin.py:188} INFO - [2025-08-06T19:36:28.643+0000] {dag.py:3820} INFO - Setting next_dagrun for local_kafka_to_delta_pipeline to 2025-08-07T00:00:00+00:00, run_after=2025-08-07T00:05:00+00:00
[2025-08-06T19:36:28.660+0000] {processor.py:183} INFO - Processing /opt/airflow/dags/local_pipeline_dag.py took 0.080 seconds
[2025-08-06T19:36:58.739+0000] {processor.py:161} INFO - Started process (PID=498) to work on /opt/airflow/dags/local_pipeline_dag.py
[2025-08-06T19:36:58.740+0000] {processor.py:830} INFO - Processing file /opt/airflow/dags/local_pipeline_dag.py for tasks to queue
[2025-08-06T19:36:58.740+0000] {logging_mixin.py:188} INFO - [2025-08-06T19:36:58.740+0000] {dagbag.py:538} INFO - Filling up the DagBag from /opt/airflow/dags/local_pipeline_dag.py
[2025-08-06T19:36:58.748+0000] {processor.py:840} INFO - DAG(s) 'local_kafka_to_delta_pipeline' retrieved from /opt/airflow/dags/local_pipeline_dag.py
[2025-08-06T19:36:58.767+0000] {logging_mixin.py:188} INFO - [2025-08-06T19:36:58.767+0000] {dag.py:3033} INFO - Sync 1 DAGs
[2025-08-06T19:36:58.786+0000] {logging_mixin.py:188} INFO - [2025-08-06T19:36:58.786+0000] {dag.py:3820} INFO - Setting next_dagrun for local_kafka_to_delta_pipeline to 2025-08-07T00:00:00+00:00, run_after=2025-08-07T00:05:00+00:00
[2025-08-06T19:36:58.800+0000] {processor.py:183} INFO - Processing /opt/airflow/dags/local_pipeline_dag.py took 0.063 seconds
[2025-08-06T19:37:28.842+0000] {processor.py:161} INFO - Started process (PID=503) to work on /opt/airflow/dags/local_pipeline_dag.py
[2025-08-06T19:37:28.843+0000] {processor.py:830} INFO - Processing file /opt/airflow/dags/local_pipeline_dag.py for tasks to queue
[2025-08-06T19:37:28.843+0000] {logging_mixin.py:188} INFO - [2025-08-06T19:37:28.843+0000] {dagbag.py:538} INFO - Filling up the DagBag from /opt/airflow/dags/local_pipeline_dag.py
[2025-08-06T19:37:28.852+0000] {processor.py:840} INFO - DAG(s) 'local_kafka_to_delta_pipeline' retrieved from /opt/airflow/dags/local_pipeline_dag.py
[2025-08-06T19:37:28.875+0000] {logging_mixin.py:188} INFO - [2025-08-06T19:37:28.874+0000] {dag.py:3033} INFO - Sync 1 DAGs
[2025-08-06T19:37:28.900+0000] {logging_mixin.py:188} INFO - [2025-08-06T19:37:28.899+0000] {dag.py:3820} INFO - Setting next_dagrun for local_kafka_to_delta_pipeline to 2025-08-07T00:00:00+00:00, run_after=2025-08-07T00:05:00+00:00
[2025-08-06T19:37:28.915+0000] {processor.py:183} INFO - Processing /opt/airflow/dags/local_pipeline_dag.py took 0.076 seconds
[2025-08-06T19:37:58.994+0000] {processor.py:161} INFO - Started process (PID=508) to work on /opt/airflow/dags/local_pipeline_dag.py
[2025-08-06T19:37:58.995+0000] {processor.py:830} INFO - Processing file /opt/airflow/dags/local_pipeline_dag.py for tasks to queue
[2025-08-06T19:37:58.996+0000] {logging_mixin.py:188} INFO - [2025-08-06T19:37:58.995+0000] {dagbag.py:538} INFO - Filling up the DagBag from /opt/airflow/dags/local_pipeline_dag.py
[2025-08-06T19:37:59.008+0000] {processor.py:840} INFO - DAG(s) 'local_kafka_to_delta_pipeline' retrieved from /opt/airflow/dags/local_pipeline_dag.py
[2025-08-06T19:37:59.034+0000] {logging_mixin.py:188} INFO - [2025-08-06T19:37:59.034+0000] {dag.py:3033} INFO - Sync 1 DAGs
[2025-08-06T19:37:59.062+0000] {logging_mixin.py:188} INFO - [2025-08-06T19:37:59.061+0000] {dag.py:3820} INFO - Setting next_dagrun for local_kafka_to_delta_pipeline to 2025-08-07T00:00:00+00:00, run_after=2025-08-07T00:05:00+00:00
[2025-08-06T19:37:59.083+0000] {processor.py:183} INFO - Processing /opt/airflow/dags/local_pipeline_dag.py took 0.093 seconds
[2025-08-06T19:38:29.108+0000] {processor.py:161} INFO - Started process (PID=513) to work on /opt/airflow/dags/local_pipeline_dag.py
[2025-08-06T19:38:29.109+0000] {processor.py:830} INFO - Processing file /opt/airflow/dags/local_pipeline_dag.py for tasks to queue
[2025-08-06T19:38:29.110+0000] {logging_mixin.py:188} INFO - [2025-08-06T19:38:29.110+0000] {dagbag.py:538} INFO - Filling up the DagBag from /opt/airflow/dags/local_pipeline_dag.py
[2025-08-06T19:38:29.121+0000] {processor.py:840} INFO - DAG(s) 'local_kafka_to_delta_pipeline' retrieved from /opt/airflow/dags/local_pipeline_dag.py
[2025-08-06T19:38:29.142+0000] {logging_mixin.py:188} INFO - [2025-08-06T19:38:29.142+0000] {dag.py:3033} INFO - Sync 1 DAGs
[2025-08-06T19:38:29.169+0000] {logging_mixin.py:188} INFO - [2025-08-06T19:38:29.169+0000] {dag.py:3820} INFO - Setting next_dagrun for local_kafka_to_delta_pipeline to 2025-08-07T00:00:00+00:00, run_after=2025-08-07T00:05:00+00:00
[2025-08-06T19:38:29.188+0000] {processor.py:183} INFO - Processing /opt/airflow/dags/local_pipeline_dag.py took 0.082 seconds
[2025-08-06T19:38:59.282+0000] {processor.py:161} INFO - Started process (PID=518) to work on /opt/airflow/dags/local_pipeline_dag.py
[2025-08-06T19:38:59.283+0000] {processor.py:830} INFO - Processing file /opt/airflow/dags/local_pipeline_dag.py for tasks to queue
[2025-08-06T19:38:59.283+0000] {logging_mixin.py:188} INFO - [2025-08-06T19:38:59.283+0000] {dagbag.py:538} INFO - Filling up the DagBag from /opt/airflow/dags/local_pipeline_dag.py
[2025-08-06T19:38:59.292+0000] {processor.py:840} INFO - DAG(s) 'local_kafka_to_delta_pipeline' retrieved from /opt/airflow/dags/local_pipeline_dag.py
[2025-08-06T19:38:59.314+0000] {logging_mixin.py:188} INFO - [2025-08-06T19:38:59.313+0000] {dag.py:3033} INFO - Sync 1 DAGs
[2025-08-06T19:38:59.336+0000] {logging_mixin.py:188} INFO - [2025-08-06T19:38:59.336+0000] {dag.py:3820} INFO - Setting next_dagrun for local_kafka_to_delta_pipeline to 2025-08-07T00:00:00+00:00, run_after=2025-08-07T00:05:00+00:00
[2025-08-06T19:38:59.353+0000] {processor.py:183} INFO - Processing /opt/airflow/dags/local_pipeline_dag.py took 0.074 seconds
[2025-08-06T19:39:29.384+0000] {processor.py:161} INFO - Started process (PID=523) to work on /opt/airflow/dags/local_pipeline_dag.py
[2025-08-06T19:39:29.389+0000] {processor.py:830} INFO - Processing file /opt/airflow/dags/local_pipeline_dag.py for tasks to queue
[2025-08-06T19:39:29.390+0000] {logging_mixin.py:188} INFO - [2025-08-06T19:39:29.390+0000] {dagbag.py:538} INFO - Filling up the DagBag from /opt/airflow/dags/local_pipeline_dag.py
[2025-08-06T19:39:29.400+0000] {processor.py:840} INFO - DAG(s) 'local_kafka_to_delta_pipeline' retrieved from /opt/airflow/dags/local_pipeline_dag.py
[2025-08-06T19:39:29.423+0000] {logging_mixin.py:188} INFO - [2025-08-06T19:39:29.423+0000] {dag.py:3033} INFO - Sync 1 DAGs
[2025-08-06T19:39:29.449+0000] {logging_mixin.py:188} INFO - [2025-08-06T19:39:29.448+0000] {dag.py:3820} INFO - Setting next_dagrun for local_kafka_to_delta_pipeline to 2025-08-07T00:00:00+00:00, run_after=2025-08-07T00:05:00+00:00
[2025-08-06T19:39:29.464+0000] {processor.py:183} INFO - Processing /opt/airflow/dags/local_pipeline_dag.py took 0.082 seconds
[2025-08-06T19:39:59.542+0000] {processor.py:161} INFO - Started process (PID=528) to work on /opt/airflow/dags/local_pipeline_dag.py
[2025-08-06T19:39:59.542+0000] {processor.py:830} INFO - Processing file /opt/airflow/dags/local_pipeline_dag.py for tasks to queue
[2025-08-06T19:39:59.543+0000] {logging_mixin.py:188} INFO - [2025-08-06T19:39:59.542+0000] {dagbag.py:538} INFO - Filling up the DagBag from /opt/airflow/dags/local_pipeline_dag.py
[2025-08-06T19:39:59.552+0000] {processor.py:840} INFO - DAG(s) 'local_kafka_to_delta_pipeline' retrieved from /opt/airflow/dags/local_pipeline_dag.py
[2025-08-06T19:39:59.576+0000] {logging_mixin.py:188} INFO - [2025-08-06T19:39:59.575+0000] {dag.py:3033} INFO - Sync 1 DAGs
[2025-08-06T19:39:59.596+0000] {logging_mixin.py:188} INFO - [2025-08-06T19:39:59.596+0000] {dag.py:3820} INFO - Setting next_dagrun for local_kafka_to_delta_pipeline to 2025-08-07T00:00:00+00:00, run_after=2025-08-07T00:05:00+00:00
[2025-08-06T19:39:59.615+0000] {processor.py:183} INFO - Processing /opt/airflow/dags/local_pipeline_dag.py took 0.078 seconds
[2025-08-06T19:50:23.077+0000] {processor.py:161} INFO - Started process (PID=166) to work on /opt/airflow/dags/local_pipeline_dag.py
[2025-08-06T19:50:23.078+0000] {processor.py:830} INFO - Processing file /opt/airflow/dags/local_pipeline_dag.py for tasks to queue
[2025-08-06T19:50:23.078+0000] {logging_mixin.py:188} INFO - [2025-08-06T19:50:23.078+0000] {dagbag.py:538} INFO - Filling up the DagBag from /opt/airflow/dags/local_pipeline_dag.py
[2025-08-06T19:50:23.111+0000] {processor.py:840} INFO - DAG(s) 'local_kafka_to_delta_pipeline' retrieved from /opt/airflow/dags/local_pipeline_dag.py
[2025-08-06T19:50:23.419+0000] {logging_mixin.py:188} INFO - [2025-08-06T19:50:23.418+0000] {override.py:1769} INFO - Created Permission View: can delete on DAG:local_kafka_to_delta_pipeline
[2025-08-06T19:50:23.433+0000] {logging_mixin.py:188} INFO - [2025-08-06T19:50:23.433+0000] {override.py:1769} INFO - Created Permission View: can read on DAG:local_kafka_to_delta_pipeline
[2025-08-06T19:50:23.440+0000] {logging_mixin.py:188} INFO - [2025-08-06T19:50:23.439+0000] {override.py:1769} INFO - Created Permission View: can edit on DAG:local_kafka_to_delta_pipeline
[2025-08-06T19:50:23.440+0000] {logging_mixin.py:188} INFO - [2025-08-06T19:50:23.440+0000] {dag.py:3033} INFO - Sync 1 DAGs
[2025-08-06T19:50:23.455+0000] {logging_mixin.py:188} INFO - [2025-08-06T19:50:23.454+0000] {dag.py:3055} INFO - Creating ORM DAG for local_kafka_to_delta_pipeline
[2025-08-06T19:50:23.475+0000] {logging_mixin.py:188} INFO - [2025-08-06T19:50:23.474+0000] {dag.py:3820} INFO - Setting next_dagrun for local_kafka_to_delta_pipeline to 2025-08-06T19:45:00+00:00, run_after=2025-08-06T19:50:00+00:00
[2025-08-06T19:50:23.500+0000] {processor.py:183} INFO - Processing /opt/airflow/dags/local_pipeline_dag.py took 0.427 seconds
[2025-08-06T19:50:53.615+0000] {processor.py:161} INFO - Started process (PID=172) to work on /opt/airflow/dags/local_pipeline_dag.py
[2025-08-06T19:50:53.621+0000] {processor.py:830} INFO - Processing file /opt/airflow/dags/local_pipeline_dag.py for tasks to queue
[2025-08-06T19:50:53.622+0000] {logging_mixin.py:188} INFO - [2025-08-06T19:50:53.621+0000] {dagbag.py:538} INFO - Filling up the DagBag from /opt/airflow/dags/local_pipeline_dag.py
[2025-08-06T19:50:53.631+0000] {processor.py:840} INFO - DAG(s) 'local_kafka_to_delta_pipeline' retrieved from /opt/airflow/dags/local_pipeline_dag.py
[2025-08-06T19:50:53.651+0000] {logging_mixin.py:188} INFO - [2025-08-06T19:50:53.651+0000] {dag.py:3033} INFO - Sync 1 DAGs
[2025-08-06T19:50:53.672+0000] {logging_mixin.py:188} INFO - [2025-08-06T19:50:53.672+0000] {dag.py:3820} INFO - Setting next_dagrun for local_kafka_to_delta_pipeline to 2025-08-06T19:45:00+00:00, run_after=2025-08-06T19:50:00+00:00
[2025-08-06T19:50:53.688+0000] {processor.py:183} INFO - Processing /opt/airflow/dags/local_pipeline_dag.py took 0.075 seconds
[2025-08-06T19:51:23.724+0000] {processor.py:161} INFO - Started process (PID=177) to work on /opt/airflow/dags/local_pipeline_dag.py
[2025-08-06T19:51:23.729+0000] {processor.py:830} INFO - Processing file /opt/airflow/dags/local_pipeline_dag.py for tasks to queue
[2025-08-06T19:51:23.730+0000] {logging_mixin.py:188} INFO - [2025-08-06T19:51:23.730+0000] {dagbag.py:538} INFO - Filling up the DagBag from /opt/airflow/dags/local_pipeline_dag.py
[2025-08-06T19:51:23.742+0000] {processor.py:840} INFO - DAG(s) 'local_kafka_to_delta_pipeline' retrieved from /opt/airflow/dags/local_pipeline_dag.py
[2025-08-06T19:51:23.765+0000] {logging_mixin.py:188} INFO - [2025-08-06T19:51:23.765+0000] {dag.py:3033} INFO - Sync 1 DAGs
[2025-08-06T19:51:23.790+0000] {logging_mixin.py:188} INFO - [2025-08-06T19:51:23.790+0000] {dag.py:3820} INFO - Setting next_dagrun for local_kafka_to_delta_pipeline to 2025-08-06T19:45:00+00:00, run_after=2025-08-06T19:50:00+00:00
[2025-08-06T19:51:23.813+0000] {processor.py:183} INFO - Processing /opt/airflow/dags/local_pipeline_dag.py took 0.092 seconds
[2025-08-06T19:51:53.886+0000] {processor.py:161} INFO - Started process (PID=182) to work on /opt/airflow/dags/local_pipeline_dag.py
[2025-08-06T19:51:53.891+0000] {processor.py:830} INFO - Processing file /opt/airflow/dags/local_pipeline_dag.py for tasks to queue
[2025-08-06T19:51:53.892+0000] {logging_mixin.py:188} INFO - [2025-08-06T19:51:53.892+0000] {dagbag.py:538} INFO - Filling up the DagBag from /opt/airflow/dags/local_pipeline_dag.py
[2025-08-06T19:51:53.902+0000] {processor.py:840} INFO - DAG(s) 'local_kafka_to_delta_pipeline' retrieved from /opt/airflow/dags/local_pipeline_dag.py
[2025-08-06T19:51:53.921+0000] {logging_mixin.py:188} INFO - [2025-08-06T19:51:53.921+0000] {dag.py:3033} INFO - Sync 1 DAGs
[2025-08-06T19:51:53.940+0000] {logging_mixin.py:188} INFO - [2025-08-06T19:51:53.939+0000] {dag.py:3820} INFO - Setting next_dagrun for local_kafka_to_delta_pipeline to 2025-08-06T19:45:00+00:00, run_after=2025-08-06T19:50:00+00:00
[2025-08-06T19:51:53.954+0000] {processor.py:183} INFO - Processing /opt/airflow/dags/local_pipeline_dag.py took 0.070 seconds
[2025-08-06T19:52:24.005+0000] {processor.py:161} INFO - Started process (PID=199) to work on /opt/airflow/dags/local_pipeline_dag.py
[2025-08-06T19:52:24.006+0000] {processor.py:830} INFO - Processing file /opt/airflow/dags/local_pipeline_dag.py for tasks to queue
[2025-08-06T19:52:24.007+0000] {logging_mixin.py:188} INFO - [2025-08-06T19:52:24.007+0000] {dagbag.py:538} INFO - Filling up the DagBag from /opt/airflow/dags/local_pipeline_dag.py
[2025-08-06T19:52:24.020+0000] {processor.py:840} INFO - DAG(s) 'local_kafka_to_delta_pipeline' retrieved from /opt/airflow/dags/local_pipeline_dag.py
[2025-08-06T19:52:24.047+0000] {logging_mixin.py:188} INFO - [2025-08-06T19:52:24.047+0000] {dag.py:3033} INFO - Sync 1 DAGs
[2025-08-06T19:52:24.076+0000] {logging_mixin.py:188} INFO - [2025-08-06T19:52:24.075+0000] {dag.py:3820} INFO - Setting next_dagrun for local_kafka_to_delta_pipeline to 2025-08-06T19:50:00+00:00, run_after=2025-08-06T19:55:00+00:00
[2025-08-06T19:52:24.096+0000] {processor.py:183} INFO - Processing /opt/airflow/dags/local_pipeline_dag.py took 0.096 seconds
[2025-08-06T19:52:54.160+0000] {processor.py:161} INFO - Started process (PID=216) to work on /opt/airflow/dags/local_pipeline_dag.py
[2025-08-06T19:52:54.166+0000] {processor.py:830} INFO - Processing file /opt/airflow/dags/local_pipeline_dag.py for tasks to queue
[2025-08-06T19:52:54.166+0000] {logging_mixin.py:188} INFO - [2025-08-06T19:52:54.166+0000] {dagbag.py:538} INFO - Filling up the DagBag from /opt/airflow/dags/local_pipeline_dag.py
[2025-08-06T19:52:54.180+0000] {processor.py:840} INFO - DAG(s) 'local_kafka_to_delta_pipeline' retrieved from /opt/airflow/dags/local_pipeline_dag.py
[2025-08-06T19:52:54.208+0000] {logging_mixin.py:188} INFO - [2025-08-06T19:52:54.208+0000] {dag.py:3033} INFO - Sync 1 DAGs
[2025-08-06T19:52:54.237+0000] {logging_mixin.py:188} INFO - [2025-08-06T19:52:54.236+0000] {dag.py:3820} INFO - Setting next_dagrun for local_kafka_to_delta_pipeline to 2025-08-06T19:50:00+00:00, run_after=2025-08-06T19:55:00+00:00
[2025-08-06T19:52:54.257+0000] {processor.py:183} INFO - Processing /opt/airflow/dags/local_pipeline_dag.py took 0.100 seconds
[2025-08-06T19:53:24.300+0000] {processor.py:161} INFO - Started process (PID=246) to work on /opt/airflow/dags/local_pipeline_dag.py
[2025-08-06T19:53:24.306+0000] {processor.py:830} INFO - Processing file /opt/airflow/dags/local_pipeline_dag.py for tasks to queue
[2025-08-06T19:53:24.306+0000] {logging_mixin.py:188} INFO - [2025-08-06T19:53:24.306+0000] {dagbag.py:538} INFO - Filling up the DagBag from /opt/airflow/dags/local_pipeline_dag.py
[2025-08-06T19:53:24.316+0000] {processor.py:840} INFO - DAG(s) 'local_kafka_to_delta_pipeline' retrieved from /opt/airflow/dags/local_pipeline_dag.py
[2025-08-06T19:53:24.337+0000] {logging_mixin.py:188} INFO - [2025-08-06T19:53:24.337+0000] {dag.py:3033} INFO - Sync 1 DAGs
[2025-08-06T19:53:24.360+0000] {logging_mixin.py:188} INFO - [2025-08-06T19:53:24.360+0000] {dag.py:3820} INFO - Setting next_dagrun for local_kafka_to_delta_pipeline to 2025-08-06T19:50:00+00:00, run_after=2025-08-06T19:55:00+00:00
[2025-08-06T19:53:24.376+0000] {processor.py:183} INFO - Processing /opt/airflow/dags/local_pipeline_dag.py took 0.079 seconds
[2025-08-06T19:53:54.447+0000] {processor.py:161} INFO - Started process (PID=251) to work on /opt/airflow/dags/local_pipeline_dag.py
[2025-08-06T19:53:54.453+0000] {processor.py:830} INFO - Processing file /opt/airflow/dags/local_pipeline_dag.py for tasks to queue
[2025-08-06T19:53:54.454+0000] {logging_mixin.py:188} INFO - [2025-08-06T19:53:54.453+0000] {dagbag.py:538} INFO - Filling up the DagBag from /opt/airflow/dags/local_pipeline_dag.py
[2025-08-06T19:53:54.464+0000] {processor.py:840} INFO - DAG(s) 'local_kafka_to_delta_pipeline' retrieved from /opt/airflow/dags/local_pipeline_dag.py
[2025-08-06T19:53:54.486+0000] {logging_mixin.py:188} INFO - [2025-08-06T19:53:54.486+0000] {dag.py:3033} INFO - Sync 1 DAGs
[2025-08-06T19:53:54.508+0000] {logging_mixin.py:188} INFO - [2025-08-06T19:53:54.508+0000] {dag.py:3820} INFO - Setting next_dagrun for local_kafka_to_delta_pipeline to 2025-08-06T19:50:00+00:00, run_after=2025-08-06T19:55:00+00:00
[2025-08-06T19:53:54.528+0000] {processor.py:183} INFO - Processing /opt/airflow/dags/local_pipeline_dag.py took 0.085 seconds
[2025-08-06T19:54:24.566+0000] {processor.py:161} INFO - Started process (PID=256) to work on /opt/airflow/dags/local_pipeline_dag.py
[2025-08-06T19:54:24.571+0000] {processor.py:830} INFO - Processing file /opt/airflow/dags/local_pipeline_dag.py for tasks to queue
[2025-08-06T19:54:24.572+0000] {logging_mixin.py:188} INFO - [2025-08-06T19:54:24.572+0000] {dagbag.py:538} INFO - Filling up the DagBag from /opt/airflow/dags/local_pipeline_dag.py
[2025-08-06T19:54:24.584+0000] {processor.py:840} INFO - DAG(s) 'local_kafka_to_delta_pipeline' retrieved from /opt/airflow/dags/local_pipeline_dag.py
[2025-08-06T19:54:24.607+0000] {logging_mixin.py:188} INFO - [2025-08-06T19:54:24.607+0000] {dag.py:3033} INFO - Sync 1 DAGs
[2025-08-06T19:54:24.632+0000] {logging_mixin.py:188} INFO - [2025-08-06T19:54:24.632+0000] {dag.py:3820} INFO - Setting next_dagrun for local_kafka_to_delta_pipeline to 2025-08-06T19:50:00+00:00, run_after=2025-08-06T19:55:00+00:00
[2025-08-06T19:54:24.651+0000] {processor.py:183} INFO - Processing /opt/airflow/dags/local_pipeline_dag.py took 0.088 seconds
[2025-08-06T19:54:54.707+0000] {processor.py:161} INFO - Started process (PID=261) to work on /opt/airflow/dags/local_pipeline_dag.py
[2025-08-06T19:54:54.707+0000] {processor.py:830} INFO - Processing file /opt/airflow/dags/local_pipeline_dag.py for tasks to queue
[2025-08-06T19:54:54.708+0000] {logging_mixin.py:188} INFO - [2025-08-06T19:54:54.708+0000] {dagbag.py:538} INFO - Filling up the DagBag from /opt/airflow/dags/local_pipeline_dag.py
[2025-08-06T19:54:54.720+0000] {processor.py:840} INFO - DAG(s) 'local_kafka_to_delta_pipeline' retrieved from /opt/airflow/dags/local_pipeline_dag.py
[2025-08-06T19:54:54.745+0000] {logging_mixin.py:188} INFO - [2025-08-06T19:54:54.744+0000] {dag.py:3033} INFO - Sync 1 DAGs
[2025-08-06T19:54:54.771+0000] {logging_mixin.py:188} INFO - [2025-08-06T19:54:54.771+0000] {dag.py:3820} INFO - Setting next_dagrun for local_kafka_to_delta_pipeline to 2025-08-06T19:50:00+00:00, run_after=2025-08-06T19:55:00+00:00
[2025-08-06T19:54:54.790+0000] {processor.py:183} INFO - Processing /opt/airflow/dags/local_pipeline_dag.py took 0.086 seconds
[2025-08-06T19:55:24.833+0000] {processor.py:161} INFO - Started process (PID=278) to work on /opt/airflow/dags/local_pipeline_dag.py
[2025-08-06T19:55:24.834+0000] {processor.py:830} INFO - Processing file /opt/airflow/dags/local_pipeline_dag.py for tasks to queue
[2025-08-06T19:55:24.834+0000] {logging_mixin.py:188} INFO - [2025-08-06T19:55:24.834+0000] {dagbag.py:538} INFO - Filling up the DagBag from /opt/airflow/dags/local_pipeline_dag.py
[2025-08-06T19:55:24.842+0000] {processor.py:840} INFO - DAG(s) 'local_kafka_to_delta_pipeline' retrieved from /opt/airflow/dags/local_pipeline_dag.py
[2025-08-06T19:55:24.859+0000] {logging_mixin.py:188} INFO - [2025-08-06T19:55:24.859+0000] {dag.py:3033} INFO - Sync 1 DAGs
[2025-08-06T19:55:24.878+0000] {logging_mixin.py:188} INFO - [2025-08-06T19:55:24.877+0000] {dag.py:3820} INFO - Setting next_dagrun for local_kafka_to_delta_pipeline to 2025-08-06T19:55:00+00:00, run_after=2025-08-06T20:00:00+00:00
[2025-08-06T19:55:24.889+0000] {processor.py:183} INFO - Processing /opt/airflow/dags/local_pipeline_dag.py took 0.058 seconds
[2025-08-06T19:55:54.967+0000] {processor.py:161} INFO - Started process (PID=283) to work on /opt/airflow/dags/local_pipeline_dag.py
[2025-08-06T19:55:54.972+0000] {processor.py:830} INFO - Processing file /opt/airflow/dags/local_pipeline_dag.py for tasks to queue
[2025-08-06T19:55:54.973+0000] {logging_mixin.py:188} INFO - [2025-08-06T19:55:54.972+0000] {dagbag.py:538} INFO - Filling up the DagBag from /opt/airflow/dags/local_pipeline_dag.py
[2025-08-06T19:55:54.980+0000] {processor.py:840} INFO - DAG(s) 'local_kafka_to_delta_pipeline' retrieved from /opt/airflow/dags/local_pipeline_dag.py
[2025-08-06T19:55:54.997+0000] {logging_mixin.py:188} INFO - [2025-08-06T19:55:54.997+0000] {dag.py:3033} INFO - Sync 1 DAGs
[2025-08-06T19:55:55.015+0000] {logging_mixin.py:188} INFO - [2025-08-06T19:55:55.015+0000] {dag.py:3820} INFO - Setting next_dagrun for local_kafka_to_delta_pipeline to 2025-08-06T19:55:00+00:00, run_after=2025-08-06T20:00:00+00:00
[2025-08-06T19:55:55.028+0000] {processor.py:183} INFO - Processing /opt/airflow/dags/local_pipeline_dag.py took 0.064 seconds
[2025-08-06T19:56:25.075+0000] {processor.py:161} INFO - Started process (PID=288) to work on /opt/airflow/dags/local_pipeline_dag.py
[2025-08-06T19:56:25.076+0000] {processor.py:830} INFO - Processing file /opt/airflow/dags/local_pipeline_dag.py for tasks to queue
[2025-08-06T19:56:25.076+0000] {logging_mixin.py:188} INFO - [2025-08-06T19:56:25.076+0000] {dagbag.py:538} INFO - Filling up the DagBag from /opt/airflow/dags/local_pipeline_dag.py
[2025-08-06T19:56:25.087+0000] {processor.py:840} INFO - DAG(s) 'local_kafka_to_delta_pipeline' retrieved from /opt/airflow/dags/local_pipeline_dag.py
[2025-08-06T19:56:25.112+0000] {logging_mixin.py:188} INFO - [2025-08-06T19:56:25.111+0000] {dag.py:3033} INFO - Sync 1 DAGs
[2025-08-06T19:56:25.139+0000] {logging_mixin.py:188} INFO - [2025-08-06T19:56:25.138+0000] {dag.py:3820} INFO - Setting next_dagrun for local_kafka_to_delta_pipeline to 2025-08-06T19:55:00+00:00, run_after=2025-08-06T20:00:00+00:00
[2025-08-06T19:56:25.158+0000] {processor.py:183} INFO - Processing /opt/airflow/dags/local_pipeline_dag.py took 0.086 seconds
[2025-08-06T19:56:55.208+0000] {processor.py:161} INFO - Started process (PID=293) to work on /opt/airflow/dags/local_pipeline_dag.py
[2025-08-06T19:56:55.214+0000] {processor.py:830} INFO - Processing file /opt/airflow/dags/local_pipeline_dag.py for tasks to queue
[2025-08-06T19:56:55.214+0000] {logging_mixin.py:188} INFO - [2025-08-06T19:56:55.214+0000] {dagbag.py:538} INFO - Filling up the DagBag from /opt/airflow/dags/local_pipeline_dag.py
[2025-08-06T19:56:55.223+0000] {processor.py:840} INFO - DAG(s) 'local_kafka_to_delta_pipeline' retrieved from /opt/airflow/dags/local_pipeline_dag.py
[2025-08-06T19:56:55.245+0000] {logging_mixin.py:188} INFO - [2025-08-06T19:56:55.245+0000] {dag.py:3033} INFO - Sync 1 DAGs
[2025-08-06T19:56:55.270+0000] {logging_mixin.py:188} INFO - [2025-08-06T19:56:55.270+0000] {dag.py:3820} INFO - Setting next_dagrun for local_kafka_to_delta_pipeline to 2025-08-06T19:55:00+00:00, run_after=2025-08-06T20:00:00+00:00
[2025-08-06T19:56:55.286+0000] {processor.py:183} INFO - Processing /opt/airflow/dags/local_pipeline_dag.py took 0.080 seconds
